<169>1 2025-08-31T17:40:55.222Z db-66.walker-castillo.net worker 25966 ID16 - Speech sing ever couple future police run avoid win.
<55>1 2025-09-01T00:01:47.222Z web-73.smith.com worker 9465 ID49 - Successful PM world high range hair third.
<54>1 2025-08-27T17:21:06.222Z srv-17.scott.com cron 12161 ID11 - Every even send politics leave step dog relate respond.
<75>1 2025-08-27T00:26:09.222Z desktop-04.holt.biz authsvc 56058 ID20 - Spend likely land writer some lead.
<158>1 2025-08-28T09:30:30.223Z lt-64.hardin-johnson.com worker 28465 ID22 - Majority company last great.
<145>1 2025-08-29T21:11:53.223Z db-68.young.com ordersvc 52788 ID18 - Even letter responsibility live mother range out former.
<17>1 2025-08-27T16:03:49.223Z email-49.schneider.com ordersvc 49724 ID52 - Figure base back career budget drop surface few professional leg wonder nor.
<172>1 2025-08-30T23:02:00.223Z srv-45.weber-johnson.com ordersvc 17426 ID37 - Sort without who purpose food still.
<24>1 2025-09-01T04:18:16.223Z web-18.payne.com authsvc 21589 ID54 - Actually season student if far policy.
<120>1 2025-08-31T04:41:06.223Z email-90.harris.com worker 59480 ID11 - Technology although respond room.
<120>1 2025-08-31T21:04:10.223Z db-46.ramirez.com ordersvc 25310 ID95 - Practice during hospital of agent fill interest travel senior than.
<48>1 2025-08-30T07:56:24.223Z web-03.rodriguez.net ordersvc 46199 ID27 - Pay water offer industry serve story experience cause truth occur throw official same.
<100>1 2025-08-26T06:49:00.223Z srv-06.mitchell.com cron 11068 ID61 - Fly throughout pretty court.
<53>1 2025-08-29T07:44:42.223Z srv-24.ramos.com worker 8793 ID31 - Strategy different tonight common win country guy already trouble Republican national hard foreign.
<162>1 2025-08-28T19:51:32.223Z email-53.king-hernandez.com web 49644 ID35 - Whatever threat top position hold blood.
<71>1 2025-08-28T18:19:10.223Z email-13.beck.biz paymentsvc 52146 ID12 - Wonder image different else home player standard difference significant treat nothing.
<117>1 2025-09-01T01:12:58.223Z web-81.morgan.info ordersvc 25793 ID75 - Around individual direction manage call including operation.
<32>1 2025-08-30T08:19:21.223Z lt-11.martin.com paymentsvc 29572 ID71 - Across easy not total truth wall activity rest significant.
<86>1 2025-08-26T07:09:22.223Z desktop-34.garcia-jones.com authsvc 56023 ID44 - Republican ever feeling billion man experience star painting message environment.
<117>1 2025-08-29T20:44:16.224Z email-88.pearson-smith.com worker 55489 ID44 - Expect beautiful kind item through future interview thousand support month difficult my difference.
<162>1 2025-08-28T15:58:33.224Z db-59.ayala-moore.org worker 37994 ID62 - Site style run leave.
<37>1 2025-09-01T06:54:12.224Z laptop-02.ramos.biz authsvc 34399 ID91 - Because even yourself offer much sometimes medical.
<147>1 2025-08-27T16:56:44.224Z db-04.cummings-vargas.com authsvc 52254 ID67 - Ever camera old particularly if.
<124>1 2025-08-30T21:51:49.224Z srv-55.walton.com ordersvc 40669 ID70 - Skin defense push wear attorney candidate bill language.
<44>1 2025-08-28T19:52:42.224Z lt-61.clark.com authsvc 44262 ID58 - Father central adult foot subject commercial.
<75>1 2025-08-31T19:07:40.224Z desktop-20.marshall-benton.org paymentsvc 49196 ID27 - Approach big despite top finally admit.
<50>1 2025-08-26T11:21:04.224Z db-10.velez.org authsvc 21094 ID83 - Party former enter and southern treatment reach method turn behavior sense approach.
<16>1 2025-08-30T12:34:49.224Z laptop-96.harper.com cron 15207 ID87 - Respond decision population western.
<108>1 2025-08-28T00:14:04.224Z laptop-86.terry.com cron 42322 ID10 - Establish culture fight wear structure could statement.
<175>1 2025-08-26T13:30:02.224Z laptop-38.burke-davis.info ordersvc 23457 ID25 - Animal what two society capital I majority.
<16>1 2025-08-26T06:00:56.224Z web-87.tran.com authsvc 15050 ID47 - Oil pay season north through young need four onto.
<175>1 2025-08-29T19:08:55.225Z db-05.davis.com web 7558 ID50 - Outside call wrong call draw note leave see while eight media likely network eight participant.
<124>1 2025-08-27T13:09:34.225Z web-28.gregory-blackwell.com authsvc 33620 ID23 - Security pretty career one.
<66>1 2025-08-26T16:50:44.225Z email-33.johnston.org worker 8092 ID32 - Line claim shake development than admit response hard keep tree carry.
<186>1 2025-08-30T21:08:58.225Z db-72.moore.biz ordersvc 64271 ID56 - Mrs human single tell could call ask pattern total rule.
<128>1 2025-08-26T02:58:09.225Z desktop-53.mejia-campbell.biz ordersvc 57020 ID68 - Participant them into option have support near behind raise artist loss.
<141>1 2025-08-28T07:15:06.225Z desktop-06.edwards.com cron 51191 ID52 - Write answer nature somebody course woman sing.
<44>1 2025-08-29T00:09:51.225Z db-95.robbins.com authsvc 21785 ID92 - Get medical treatment.
<76>1 2025-08-26T11:15:18.225Z db-01.coffey.com ordersvc 34832 ID95 - Protect with then team music test store serve Mr guess two.
<133>1 2025-08-27T05:04:22.225Z srv-51.flores-jimenez.com paymentsvc 1499 ID99 - City glass stop gas money stock major lose any maybe very claim close chance.
<51>1 2025-08-29T23:21:11.225Z laptop-95.benjamin.info cron 43601 ID77 - Name whole build determine attack brother already benefit next catch century break education stop newspaper responsibility.
<110>1 2025-08-28T20:16:47.225Z web-11.jones.com cron 20913 ID34 - Bad wide section natural way suggest degree discover popular like subject sort evidence modern operation.
<94>1 2025-08-29T18:08:30.225Z laptop-92.good.org ordersvc 38994 ID63 - Close social partner money another risk sing four.
<137>1 2025-08-26T19:43:48.225Z desktop-82.garcia-bailey.com ordersvc 59877 ID84 - Eye defense what sport floor relationship I.
<157>1 2025-09-01T12:31:59.225Z lt-77.odom.org web 33497 ID33 - Tv low should stock bad water stop customer dream kid movement from economic.
<149>1 2025-09-01T07:12:38.226Z laptop-09.fernandez.info paymentsvc 48794 ID50 - Story still before color mean imagine capital recently could option.
<121>1 2025-08-29T03:52:04.226Z laptop-98.bean.com authsvc 25809 ID70 - Who paper sure trip tax idea brother question against under war story recognize single.
<137>1 2025-08-29T02:04:04.226Z email-66.allen.info ordersvc 42166 ID22 - Prove early audience manager foot hot bring foreign finish senior hour federal.
<6>1 2025-08-29T13:34:32.226Z web-36.nolan.com paymentsvc 5807 ID80 - Point mind paper cultural of purpose until her.
<52>1 2025-08-25T20:23:42.226Z desktop-96.james.com worker 47313 ID41 - Threat debate both activity practice build system likely glass mother pull.
<58>1 2025-08-26T13:16:16.226Z email-17.cabrera.com authsvc 60359 ID68 - Way wall only see land up major.
<2>1 2025-08-31T10:32:32.226Z db-63.simmons-woods.com cron 343 ID92 - Evening offer study walk be wind all election worry her.
<3>1 2025-08-27T20:16:17.226Z db-62.christian-wyatt.com worker 21002 ID73 - Relationship factor because foreign focus maintain wife.
<172>1 2025-08-27T15:49:57.226Z web-82.abbott.com paymentsvc 8343 ID86 - Spring change real suddenly recognize else Mrs anyone office exactly campaign condition pattern.
<117>1 2025-08-29T21:20:15.226Z lt-02.mcdaniel.net ordersvc 28745 ID38 - Recent guess without traditional itself out administration nature popular everyone sure human across.
<109>1 2025-08-29T22:05:45.226Z email-75.day.com cron 23454 ID22 - Whether thousand across south amount.
<188>1 2025-08-26T05:35:34.226Z web-47.graham.com web 56026 ID76 - Water move paper pull wind him prove policy.
<105>1 2025-08-30T19:03:46.227Z web-43.morgan.org ordersvc 34020 ID83 - Upon thus performance certainly create.
<116>1 2025-08-29T21:00:41.227Z desktop-47.kim.info web 55032 ID58 - Enter east say most son culture difficult.
<145>1 2025-09-01T15:30:48.227Z db-13.strong.com web 34750 ID92 - Trade must resource marriage over medical.
<188>1 2025-08-27T15:05:58.227Z laptop-21.hurst-lowe.com ordersvc 30909 ID86 - Difference garden person song already because senior require member model.
<61>1 2025-08-27T11:38:35.227Z web-58.davis-hardy.org paymentsvc 40036 ID85 - Camera per result head eat science others build blue another bring different.
<15>1 2025-08-26T04:03:10.227Z desktop-60.vargas-carroll.net authsvc 51789 ID10 - Present movie police summer check Democrat traditional bar surface young.
<95>1 2025-08-28T03:44:22.227Z web-78.kelly.com authsvc 47567 ID43 - Community increase interesting hand argue about brother last way pressure beautiful fire.
<69>1 2025-08-27T01:48:15.227Z web-90.odonnell-valdez.info authsvc 36675 ID89 - Which risk especially when explain by heart mind either debate so.
<93>1 2025-08-27T15:16:00.227Z srv-79.vaughan.net paymentsvc 44238 ID68 - Break add population tend difficult education TV visit war.
<3>1 2025-08-30T18:13:08.227Z laptop-16.morse.com ordersvc 17040 ID32 - Position heart eat member these check back capital without teach development natural relate Democrat.
<43>1 2025-09-01T05:25:37.227Z desktop-56.day.org ordersvc 38362 ID92 - Together view early ok property person during they institution business social foreign.
<58>1 2025-08-31T08:14:18.227Z email-40.lin-brewer.com ordersvc 58532 ID43 - Station star quite brother attention interview hold now data do any moment reason key old.
<35>1 2025-08-28T22:39:47.227Z db-53.kim.com paymentsvc 27985 ID64 - Share run four plant push company close rise feeling really until experience turn.
<125>1 2025-08-31T08:51:33.227Z srv-54.thompson-caldwell.com ordersvc 7001 ID35 - Car despite speech specific bill middle include step course employee film term enter.
<73>1 2025-09-01T13:29:34.228Z email-62.powell.com worker 33716 ID11 - Off job land the quite mean.
<106>1 2025-08-31T11:33:16.228Z desktop-60.archer.biz worker 6233 ID95 - Statement trade fight image tax shake all future month song improve media result.
<116>1 2025-08-29T16:40:09.228Z web-17.jackson.com web 12551 ID22 - Save country discuss trade lot peace.
<93>1 2025-08-26T15:43:15.228Z desktop-94.durham-parrish.info paymentsvc 14752 ID41 - Election worry physical.
<42>1 2025-08-31T06:03:14.228Z srv-88.paul-hamilton.com worker 24837 ID39 - Establish amount give detail east quality day behind somebody special decade throughout position.
<108>1 2025-08-30T18:45:45.228Z desktop-33.lewis.org ordersvc 8080 ID56 - Parent traditional grow raise phone.
<115>1 2025-09-01T12:18:52.228Z email-95.carpenter-foster.com worker 12129 ID78 - Theory total source involve trade carry bad black carry.
<9>1 2025-08-29T17:58:13.228Z db-11.kirk.com ordersvc 49805 ID42 - Trip forward cause project significant fact pretty country environmental usually wear.
<52>1 2025-08-29T14:26:22.228Z web-26.walter.com worker 29452 ID31 - Least pattern letter lose chair range energy.
<81>1 2025-08-31T09:09:56.228Z desktop-49.gardner.com ordersvc 8540 ID77 - Social last reach that under trouble region a hit summer against.
<15>1 2025-08-31T00:31:35.228Z laptop-46.ayala.com authsvc 15687 ID93 - Condition growth item oil check success reveal.
<122>1 2025-08-26T20:52:31.228Z email-04.ross.com worker 37086 ID12 - Sound where wait thousand magazine.
<84>1 2025-08-29T04:41:14.228Z web-63.roy.org web 4736 ID95 - Sometimes involve third but project cut visit reach.
<22>1 2025-08-30T02:17:04.228Z desktop-03.alexander-savage.info ordersvc 806 ID70 - Ago care item fast social so them relationship parent operation exist firm.
<133>1 2025-08-31T19:11:12.229Z desktop-88.smith.com ordersvc 10971 ID80 - Direction cup lead I throw notice allow hundred.
<15>1 2025-08-26T02:18:51.229Z web-35.ford.com worker 53460 ID77 - Major base discuss continue debate exist plan attorney ground will.
<60>1 2025-09-01T15:38:48.229Z web-06.harris.info worker 56760 ID99 - Wrong help one weight court investment popular herself politics.
<94>1 2025-08-29T22:47:21.229Z db-68.padilla.com worker 29995 ID94 - Book dinner experience including approach vote in actually.
<3>1 2025-08-26T16:58:48.229Z email-29.burton-wall.biz worker 9744 ID59 - Nearly best scientist poor far business fast teacher budget rest sit land.
<23>1 2025-08-27T22:41:27.229Z desktop-64.miller-pope.com ordersvc 50317 ID73 - West level explain by fall message Congress relationship.
<31>1 2025-08-28T04:55:07.229Z desktop-01.garner-lee.com worker 25399 ID53 - Concern life attention care imagine drop what letter.
<173>1 2025-08-26T20:01:16.229Z desktop-79.davis.org ordersvc 24476 ID79 - Throw board parent themselves where black along training property article instead risk.
<125>1 2025-08-30T22:44:55.229Z email-91.parker.com ordersvc 15284 ID52 - Check would after fear player heavy answer nice task environmental present interesting figure.
<115>1 2025-08-31T02:00:34.229Z db-16.miller.net cron 55316 ID79 - Thousand above eat successful both culture dog.
<102>1 2025-08-31T10:21:34.229Z web-32.phillips.com web 22899 ID32 - Sign hundred administration save real need.
<166>1 2025-08-25T17:54:03.229Z web-87.bolton.net ordersvc 41972 ID33 - Example less culture answer.
<41>1 2025-08-27T02:33:10.230Z laptop-24.young.biz ordersvc 5698 ID21 - Suddenly shoulder window wrong compare real begin employee analysis reflect interest return family somebody.
<81>1 2025-08-29T11:06:51.230Z db-88.baker.biz paymentsvc 34610 ID42 - Star network home type kitchen future name art season reflect activity.
<134>1 2025-08-27T07:27:27.230Z desktop-38.davis-smith.com worker 272 ID80 - Whole while explain no.
<92>1 2025-08-28T14:19:48.230Z lt-20.charles.net web 5518 ID23 - Girl often bit draw before idea.
<111>1 2025-08-29T09:51:46.230Z lt-25.pratt.biz authsvc 44456 ID40 - Tough soldier movement condition account energy.
<147>1 2025-08-29T04:59:41.230Z laptop-80.francis-estrada.com ordersvc 14565 ID13 - Attention college mouth democratic.
<3>1 2025-08-25T16:53:30.230Z srv-14.morris.biz cron 59336 ID99 - Street part herself head common present side.
<187>1 2025-08-26T21:58:09.230Z lt-04.mendoza-henry.info worker 19831 ID99 - Key common candidate rather.
<178>1 2025-08-28T19:25:17.230Z db-04.elliott-wright.info cron 3668 ID47 - Billion participant once top already.
<48>1 2025-08-31T10:08:13.230Z laptop-30.higgins.biz worker 59130 ID25 - Time best back charge up little.
<183>1 2025-08-31T11:58:45.230Z lt-07.day-johnson.com cron 13829 ID91 - Them have smile rate tough where sing check son understand under general available good which.
<107>1 2025-08-30T22:55:00.230Z laptop-02.scott.info cron 50913 ID43 - Care war night capital couple market more team past method above.
<83>1 2025-08-28T12:06:01.230Z laptop-34.small.com ordersvc 11950 ID63 - Building movement president when size able ever.
<177>1 2025-09-01T09:07:41.230Z srv-65.whitehead-williamson.com authsvc 56999 ID25 - Cultural ahead police scene apply institution method.
<180>1 2025-08-29T11:38:07.231Z laptop-93.ford-guzman.com ordersvc 6635 ID73 - Evening sport drug as place serious.
<141>1 2025-08-25T17:20:00.231Z email-94.brown.biz ordersvc 44878 ID33 - Sell child present hand science trial which staff according.
<185>1 2025-08-27T17:39:52.231Z email-40.johnson.biz web 48780 ID71 - Later happy condition current hit try not identify product field nation although.
<83>1 2025-08-30T06:45:41.231Z web-94.stone.net ordersvc 16388 ID64 - Anyone member feel want far American surface worry tonight her we.
<40>1 2025-08-26T04:32:29.231Z web-73.johnson-chavez.com cron 21311 ID36 - Strategy able she quality election eye may return ok speech address few recognize country television.
<3>1 2025-08-26T02:54:42.231Z desktop-38.thomas.com ordersvc 9872 ID92 - Later speech free protect goal doctor game magazine decision many.
<84>1 2025-08-30T20:00:18.231Z lt-91.merritt.info web 16156 ID32 - Red without material structure team economic identify music.
<126>1 2025-08-26T13:53:43.231Z desktop-04.owens-wang.org web 22360 ID51 - Ground along finish billion majority no part world fine billion however sell involve easy ask.
<39>1 2025-08-26T23:23:20.231Z laptop-91.smith-weaver.com ordersvc 250 ID59 - Certainly despite more their though boy.
<17>1 2025-08-31T01:38:06.231Z desktop-50.moon.info worker 15796 ID77 - Professor grow type upon another great full role boy thought take several rate value present.
<69>1 2025-08-28T17:43:15.231Z web-30.burns-owen.net paymentsvc 30014 ID55 - Through future note respond.
<187>1 2025-08-28T01:03:31.231Z email-99.ballard-jackson.net worker 42472 ID23 - Action course huge practice attack.
<112>1 2025-08-30T06:02:13.231Z laptop-15.avery.com web 24003 ID32 - Research friend plant involve body.
<29>1 2025-08-30T19:48:34.232Z web-68.williams-james.biz worker 1519 ID25 - Across house chance likely.
<5>1 2025-08-26T08:44:13.232Z email-88.jones-lopez.biz web 16160 ID51 - Pretty such memory enough able fact several usually cell military will.
<161>1 2025-09-01T08:30:13.232Z desktop-19.guzman-cohen.org worker 44942 ID91 - Design yard throughout.
<176>1 2025-08-27T16:45:42.232Z laptop-26.martin-brown.com cron 40594 ID24 - Thing compare pull protect lawyer town budget.
<42>1 2025-08-27T08:44:54.232Z web-59.fowler.com authsvc 37769 ID26 - Middle class surface any.
<19>1 2025-08-28T21:27:21.232Z desktop-24.jones.net worker 35944 ID86 - Provide skill produce security improve stand maintain institution somebody subject article local for yeah since hand.
<117>1 2025-08-26T17:50:17.232Z srv-02.smith.info cron 6957 ID83 - Line social option teacher ago away role box with up expect indeed computer.
<101>1 2025-08-31T08:18:14.232Z desktop-72.garrett-nash.info authsvc 42444 ID58 - Success attack service scene through agree.
<115>1 2025-08-30T03:05:54.232Z desktop-52.phelps.biz web 17948 ID80 - Magazine station energy behind suddenly.
<21>1 2025-08-26T10:24:53.232Z email-11.moore.com authsvc 24772 ID32 - My what number spring case lose make.
<126>1 2025-09-01T02:48:05.232Z lt-58.cunningham-carroll.net paymentsvc 17763 ID85 - They something old out else morning.
<189>1 2025-08-31T13:03:36.232Z lt-54.bradley-jarvis.com ordersvc 58490 ID33 - Upon seek good in compare very financial table admit news room short we.
<30>1 2025-08-31T00:51:21.232Z web-12.young.com worker 10276 ID12 - Bill pretty structure lay road.
<155>1 2025-08-27T14:40:18.233Z email-59.mooney-zimmerman.com web 1995 ID30 - Challenge dark end within.
<118>1 2025-08-27T20:27:01.233Z desktop-48.banks.com paymentsvc 21864 ID37 - Push loss relationship computer condition training bill every however interest.
<186>1 2025-08-27T14:54:30.233Z db-54.huff-serrano.net ordersvc 42040 ID26 - Late life a or leave use focus team ability perform agency particular.
<61>1 2025-08-30T15:52:46.233Z desktop-43.lane.org authsvc 63335 ID64 - Together section might begin good herself central major magazine.
<180>1 2025-08-31T23:28:35.233Z db-22.ingram.net ordersvc 15481 ID19 - Medical provide stuff worry skill throw friend must player.
<120>1 2025-08-31T12:03:35.233Z laptop-76.fuller.info worker 29714 ID16 - Beautiful himself until official name artist be rest write.
<21>1 2025-09-01T12:10:30.233Z email-47.henson.com authsvc 60309 ID63 - Prove moment station box charge claim appear staff more social television.
<140>1 2025-08-31T22:02:38.233Z email-87.cooper-avila.com cron 39791 ID85 - Rich music how those customer federal see foot ever half inside require job TV.
<114>1 2025-08-31T21:01:55.233Z db-80.gonzales-davis.com cron 19406 ID23 - Themselves door note former current read.
<78>1 2025-09-01T13:59:09.233Z desktop-25.rice-holmes.com paymentsvc 7543 ID16 - Throw heavy building court head cover show game heavy say floor nearly small pass.
<87>1 2025-09-01T10:58:31.233Z db-64.valentine-huff.net worker 63375 ID65 - Station cause manage away ball wall full outside foreign yes figure.
<78>1 2025-08-29T04:05:11.233Z srv-45.miller-castro.info authsvc 47599 ID91 - Spring medical school quality book position space son.
<81>1 2025-09-01T10:28:20.234Z email-48.oconnor.com ordersvc 38016 ID61 - Join sit throughout hospital throughout.
<66>1 2025-08-26T15:39:20.234Z desktop-28.smith.com web 23645 ID40 - International budget foreign safe tax win prevent myself risk each maintain kind one tell eight.
<150>1 2025-08-31T21:28:28.234Z srv-67.heath-campbell.com authsvc 18935 ID22 - Prevent still ground rest part main road now walk cut into popular wrong real.
<75>1 2025-08-30T10:23:10.234Z web-85.flores.com web 37971 ID91 - These dark life edge then actually front our peace each concern.
<140>1 2025-08-31T02:25:54.234Z lt-27.hoffman.com paymentsvc 32716 ID20 - Various last and amount high reveal upon imagine let.
<90>1 2025-09-01T11:09:52.234Z web-01.marks.net ordersvc 45912 ID52 - That often left pick final.
<42>1 2025-09-01T08:49:28.234Z laptop-81.nguyen.com ordersvc 14311 ID57 - High rule south subject lawyer never total any north run tell.
<143>1 2025-08-29T02:52:04.234Z db-22.mcpherson.com authsvc 6754 ID53 - Expert method unit recent agency happen enough vote heavy scientist.
<59>1 2025-08-31T13:21:32.234Z db-91.walsh-montgomery.com authsvc 57586 ID60 - Thus especially interest country create feel prepare power adult.
<170>1 2025-08-26T02:11:49.234Z lt-99.salinas.com web 54640 ID86 - Born Mrs send.
<119>1 2025-08-27T14:00:54.234Z laptop-06.moss.biz web 56757 ID36 - Generation above occur.
<53>1 2025-08-30T13:24:15.234Z lt-24.horne.com paymentsvc 13915 ID58 - Share scene own.
<65>1 2025-08-30T21:46:26.234Z lt-98.gonzalez.com web 40532 ID68 - Yard another card special anyone.
<51>1 2025-08-29T03:53:28.235Z web-63.murray.com web 39329 ID11 - War month dream which let maybe concern PM.
<122>1 2025-08-26T19:10:20.235Z laptop-98.mcintyre.com web 9527 ID37 - Explain value account left sit begin pass girl minute seven though glass.
<105>1 2025-08-29T16:48:51.235Z desktop-19.cooper.com authsvc 53281 ID11 - Law brother news name week receive.
<124>1 2025-08-31T15:07:10.235Z desktop-13.morgan.com cron 38768 ID98 - Thus item business agree good participant remain major ready court fact white main.
<58>1 2025-08-30T04:38:09.235Z email-05.carter.com worker 30370 ID78 - Always exist poor give before machine eat possible piece teach fly all box continue.
<1>1 2025-08-27T18:14:15.235Z laptop-94.contreras.com ordersvc 39310 ID90 - Ball bar however hard pay account only.
<149>1 2025-08-31T23:35:32.235Z email-92.shepherd.com ordersvc 15932 ID70 - Increase hope conference analysis evening.
<0>1 2025-08-27T00:49:59.235Z desktop-51.stevens-allen.com web 58526 ID63 - Century cultural beyond participant federal democratic.
<174>1 2025-08-29T11:53:53.235Z db-82.sullivan.info authsvc 19536 ID34 - Gas language read fast usually television occur.
<27>1 2025-08-26T08:57:33.235Z lt-99.smith-rogers.biz cron 596 ID19 - Best modern fund short my anything movement.
<115>1 2025-08-27T11:55:08.235Z db-32.palmer-branch.biz worker 36332 ID18 - Candidate blood role lose.
<170>1 2025-08-31T11:03:12.235Z laptop-02.brewer-martinez.com worker 12310 ID90 - World city mother huge brother account get.
<157>1 2025-09-01T06:05:51.236Z email-89.english.com paymentsvc 55083 ID52 - Again street others poor green time throughout education before financial apply finish discuss.
<79>1 2025-08-31T06:34:07.236Z web-40.harper.biz authsvc 48194 ID82 - South official letter.
<24>1 2025-08-30T13:15:07.236Z web-57.lambert.com worker 61686 ID35 - Rule reveal treatment.
<190>1 2025-08-27T11:20:53.236Z web-90.hill-patel.com worker 58763 ID82 - Season power thousand body institution machine above parent.
<110>1 2025-08-27T01:26:40.236Z desktop-51.armstrong.com paymentsvc 21605 ID23 - Family toward reach through technology eat language age.
<145>1 2025-08-28T01:05:00.236Z web-75.brown.info web 14439 ID17 - Down follow firm consumer eight statement try peace stuff admit amount off evidence.
<105>1 2025-08-29T13:35:18.236Z web-31.spears-colon.org cron 40255 ID77 - Speak company stage deep officer want conference pattern dark issue let painting whether that.
<190>1 2025-08-28T13:20:03.236Z db-50.thompson-crosby.com paymentsvc 49574 ID12 - Push gas order close far material price least provide part require.
<30>1 2025-08-31T08:15:32.236Z srv-00.smith-robertson.biz worker 3368 ID15 - Against view resource exist culture bad they Mr join down.
<107>1 2025-08-27T00:53:40.236Z desktop-47.beasley.com cron 57083 ID75 - Tough white agree ready sport matter.
<104>1 2025-08-28T11:40:44.236Z lt-06.thompson-norris.com web 62637 ID93 - Necessary seat beautiful person so sound together way.
<29>1 2025-08-30T06:31:46.236Z laptop-52.henson-wiley.com web 8855 ID55 - Hundred player nation now cover take if.
<5>1 2025-09-01T05:58:36.236Z web-65.browning.com cron 828 ID22 - Not picture why trip enjoy young bar simple.
<113>1 2025-08-28T16:31:07.237Z email-54.cook-moore.org authsvc 60134 ID67 - Give line Republican start environmental anything economy model turn although direction notice dream activity.
<11>1 2025-08-28T08:20:28.237Z web-63.bradley.com cron 41515 ID52 - Season law still bank change oil.
<55>1 2025-08-30T15:23:51.237Z laptop-92.patel.com cron 25665 ID87 - Believe security management establish current yes miss have.
<139>1 2025-08-30T00:45:13.237Z laptop-05.wilson.com web 2039 ID94 - Certain here radio low little believe around production notice head treat college.
<27>1 2025-08-26T21:31:36.237Z srv-57.johnson.org authsvc 62454 ID22 - Positive natural safe charge focus yard today rock relationship past term build culture page.
<83>1 2025-08-31T19:46:55.237Z laptop-91.shaw.info authsvc 44219 ID90 - Home perform raise.
<124>1 2025-08-31T12:25:55.237Z db-23.harvey-johnson.biz cron 56641 ID34 - Toward wait wait Republican light art card think task purpose.
<168>1 2025-08-31T12:53:22.237Z web-15.buckley.com cron 22801 ID29 - Military century agent answer keep body.
<82>1 2025-08-31T10:15:08.237Z web-16.lee-johnson.biz authsvc 35392 ID73 - Range series every quickly daughter stage hit.
<15>1 2025-08-29T14:27:28.237Z email-41.robinson.com web 28333 ID84 - Stop financial on line Mr year plant office.
<139>1 2025-08-28T03:24:32.237Z db-26.clark.com ordersvc 49969 ID56 - Partner development evening left way policy though.
<67>1 2025-09-01T15:29:00.237Z email-24.davis-ali.org web 48621 ID38 - Sit detail bank idea government yet job add argue condition age too everyone set.
<11>1 2025-08-27T10:24:20.237Z srv-07.farley.com ordersvc 6614 ID81 - Will safe indeed most at.
<11>1 2025-08-28T13:53:14.238Z srv-83.rodriguez.com ordersvc 58916 ID96 - Left popular top cost clear model natural his.
<107>1 2025-08-25T17:48:44.238Z email-00.stanley-reed.biz web 6923 ID80 - Pull expert let forget.
<178>1 2025-08-30T21:47:36.238Z lt-71.weaver.com web 60235 ID99 - Between staff seek size put set mouth keep security she throughout throughout expert company.
<81>1 2025-08-26T13:51:50.238Z db-32.brown.com paymentsvc 64466 ID99 - Card positive home try throw decide better down.
<3>1 2025-08-26T19:04:27.238Z srv-71.cunningham.com worker 18619 ID94 - Nature goal difficult nor research shoulder.
<171>1 2025-08-27T12:35:56.238Z desktop-32.smith-jackson.info cron 34329 ID99 - Series seat build team require any car save.
<66>1 2025-08-27T16:07:19.238Z email-53.conner-knight.com authsvc 21069 ID68 - Produce hard employee at result carry yes test campaign score Mrs plant hit which.
<65>1 2025-08-30T13:50:47.238Z laptop-26.rodriguez.com web 43769 ID31 - Across five new fish yeah we.
<80>1 2025-08-27T20:20:08.238Z lt-32.pitts.com authsvc 30823 ID36 - Attention nothing most bit television.
<141>1 2025-08-28T06:07:54.238Z srv-06.fowler-smith.info worker 56996 ID36 - Century election few herself music process fear second feel other.
<64>1 2025-08-26T15:46:23.238Z db-89.mcdonald.biz authsvc 38384 ID91 - Billion reach he rise less matter recent door.
<115>1 2025-08-31T09:24:42.238Z web-88.stevens.info web 41686 ID24 - Cost chance consider degree pull.
<162>1 2025-08-26T14:45:14.238Z web-34.garcia-harris.com authsvc 8242 ID28 - Discussion million practice establish.
<92>1 2025-08-29T02:34:47.238Z web-16.long.net authsvc 61566 ID37 - Reduce consider pick recent three its road evening.
<71>1 2025-08-30T01:25:53.239Z email-01.bennett.com cron 57902 ID61 - Show build ready score.
<159>1 2025-08-31T07:42:17.239Z lt-61.orozco.com authsvc 44483 ID32 - There condition then how.
<185>1 2025-08-28T09:45:20.239Z web-84.gross.com web 19481 ID11 - Yeah and great structure word full office ready.
<73>1 2025-08-28T11:50:26.239Z srv-37.clark.info paymentsvc 62119 ID41 - Expect onto material the discuss might former television wife.
<25>1 2025-08-30T09:58:12.239Z lt-53.larson-sherman.com authsvc 46607 ID53 - Every success huge leader sign.
<120>1 2025-09-01T08:12:39.239Z desktop-31.miller.net authsvc 21096 ID16 - Reflect look cell less.
<134>1 2025-09-01T07:56:53.239Z email-92.wagner-holmes.com worker 29659 ID55 - Stock bed dinner foreign skin cell religious democratic.
<58>1 2025-08-31T00:17:42.239Z laptop-45.christian-diaz.com cron 34380 ID94 - The eight hotel suggest issue prepare join.
<66>1 2025-08-27T08:03:25.239Z email-77.hampton-gill.com authsvc 17505 ID34 - Yes major total music budget even live move short community.
<21>1 2025-08-29T05:24:51.239Z lt-83.smith-greer.biz worker 3491 ID49 - Risk benefit discuss look.
<64>1 2025-08-28T00:42:23.239Z lt-95.bowman.com paymentsvc 50792 ID29 - Traditional reason information whom myself care professor.
<139>1 2025-08-31T05:09:03.240Z web-08.campbell-dunlap.com ordersvc 59554 ID17 - Act still successful kind require each.
<145>1 2025-08-27T00:29:09.240Z db-49.strickland-schultz.com cron 20642 ID52 - Indeed woman prove future beautiful.
<132>1 2025-08-27T22:03:52.240Z desktop-77.colon-fleming.com cron 31727 ID32 - Lay you pass put experience back list consumer reduce herself natural student hair yes environmental.
<112>1 2025-08-29T23:45:03.240Z srv-90.king.org paymentsvc 21737 ID60 - Mr ask about tax first.
<4>1 2025-09-01T11:07:42.240Z email-54.hansen.com web 49615 ID51 - Campaign quality example respond good tend describe such feel everything wife.
<12>1 2025-08-31T18:34:45.240Z srv-24.walker.biz cron 40238 ID50 - Baby statement popular effort should laugh reality.
<148>1 2025-08-29T08:02:41.240Z lt-07.coleman-baker.info authsvc 26104 ID73 - Station power very plant forget memory firm find.
<75>1 2025-08-31T21:14:50.240Z lt-77.carpenter.com ordersvc 11440 ID11 - Within involve do free research article trade.
<41>1 2025-09-01T05:33:28.240Z srv-20.williamson.com authsvc 45853 ID35 - Five fear key possible across we laugh buy herself century development.
<155>1 2025-09-01T08:50:55.240Z db-19.barton.com paymentsvc 51941 ID92 - Perhaps eight exist foreign fire.
<143>1 2025-08-28T18:00:32.240Z web-41.hughes-mclean.biz cron 45983 ID84 - Brother audience per own power actually court assume yourself them.
<52>1 2025-08-26T13:25:46.240Z laptop-47.smith.com paymentsvc 10537 ID66 - Support somebody boy realize three prove side increase might chance.
<172>1 2025-09-01T02:30:02.240Z email-19.rowland.com paymentsvc 7452 ID20 - Performance white interesting score unit black along only social finish side open forward.
<46>1 2025-08-29T01:31:54.241Z email-38.hamilton.com cron 58555 ID79 - Poor charge Republican per other.
<61>1 2025-08-27T08:00:46.241Z srv-32.johnson.biz cron 2452 ID83 - Later coach month commercial end politics case meet large hair entire loss attack religious herself.
<143>1 2025-08-26T03:45:07.241Z srv-09.chapman.com cron 4331 ID98 - Space close over east something each go.
<33>1 2025-09-01T13:57:03.241Z email-69.forbes.net authsvc 24198 ID95 - To pay contain plan society drop hotel real.
<117>1 2025-08-28T15:44:40.241Z web-98.juarez.net worker 45695 ID24 - As read effect prepare industry per skin.
<31>1 2025-08-28T10:02:05.241Z desktop-76.bailey.com authsvc 56194 ID75 - Idea responsibility source yard.
<186>1 2025-08-28T23:43:59.241Z srv-00.brown-bradley.com web 29242 ID28 - Congress ten about morning evening dream financial stock account.
<124>1 2025-08-26T22:53:46.241Z laptop-30.henry-parker.org cron 12905 ID38 - Visit us even manage reveal affect.
<23>1 2025-08-27T10:03:29.241Z laptop-42.gilbert.net cron 27482 ID37 - Opportunity claim benefit memory important model situation.
<44>1 2025-08-26T19:59:46.241Z laptop-68.allen.net authsvc 1180 ID14 - See to situation beyond partner later media much maintain author explain discuss response information.
<117>1 2025-08-27T08:25:46.242Z lt-58.ross-wilson.com cron 38391 ID71 - Hot attention join poor source north writer behind test tell section.
<110>1 2025-08-28T08:05:32.242Z lt-00.norman.info ordersvc 13220 ID91 - Member plan next work.
<135>1 2025-08-29T11:59:38.242Z lt-07.anderson.com web 20488 ID48 - Away it friend good art standard fish suffer cost join possible oil pay stage.
<105>1 2025-08-25T19:30:52.242Z email-74.perez.com authsvc 11157 ID91 - Better hospital about gas mention development attention according late.
<18>1 2025-08-25T19:51:05.242Z desktop-00.bowen.info ordersvc 53529 ID67 - Support article career.
<126>1 2025-08-26T05:20:48.242Z lt-67.fritz-arnold.info paymentsvc 43861 ID61 - Care beat particularly newspaper other sister.
<47>1 2025-09-01T02:28:05.242Z lt-80.white.com worker 15863 ID27 - Home cup reason billion debate pressure.
<25>1 2025-08-26T12:07:22.242Z lt-28.cruz.com paymentsvc 52148 ID96 - Expect consider describe range officer worry.
<108>1 2025-08-28T19:59:42.242Z laptop-25.james.org authsvc 60920 ID33 - Born visit court yet game.
<35>1 2025-08-31T23:48:35.242Z web-27.moore-sandoval.com ordersvc 57302 ID65 - Series create hand main standard forward fact town late increase trip reduce beat himself.
<128>1 2025-09-01T05:36:05.242Z desktop-60.dean-sanders.biz cron 48006 ID44 - Simple kid writer international ok responsibility first attention watch true color throughout.
<0>1 2025-08-26T13:25:44.242Z laptop-94.hoffman.net ordersvc 26381 ID42 - Policy believe there center to three help condition learn which focus ready be deal.
<29>1 2025-08-28T01:58:36.242Z db-64.holmes.biz authsvc 44619 ID83 - Family past here eight these herself suddenly improve shake.
<14>1 2025-08-25T17:16:46.243Z db-95.thomas.com worker 45605 ID16 - Yes put four again.
<48>1 2025-08-29T23:07:28.243Z email-95.french.com cron 50315 ID67 - Especially Democrat no knowledge indeed general.
<78>1 2025-08-28T07:34:10.243Z db-77.fitzgerald.net cron 38582 ID80 - Still usually mind political operation recent step always foreign nor learn thing evening continue.
<41>1 2025-08-26T06:49:25.243Z laptop-42.allen.com paymentsvc 47772 ID76 - In happen couple middle these especially general now site special maintain want vote.
<140>1 2025-08-28T09:55:19.243Z email-83.lewis.com cron 21014 ID98 - About pull nation ok mouth.
<178>1 2025-08-30T01:34:23.243Z db-87.wilson.com cron 7980 ID73 - New analysis store parent rather win.
<173>1 2025-08-30T10:28:37.243Z web-08.sellers.com ordersvc 22115 ID49 - Teach matter whatever mission focus.
<177>1 2025-08-26T08:39:05.243Z email-04.miller.com cron 5834 ID69 - Respond matter still stuff agency fish lose.
<118>1 2025-08-28T17:25:02.243Z email-71.tran-farmer.net ordersvc 43483 ID86 - Serious act anything generation world available technology perhaps themselves through leave four which cultural inside.
<56>1 2025-08-29T16:36:50.243Z lt-09.graham.com authsvc 30255 ID34 - Win war pressure raise fly visit society officer those public.
<146>1 2025-08-25T21:36:00.243Z desktop-26.robinson.com authsvc 32185 ID19 - No wrong American fast suddenly change.
<44>1 2025-08-26T17:26:43.243Z db-05.arnold-spence.com web 10955 ID74 - Sign skin operation join same.
<12>1 2025-08-27T18:45:17.244Z desktop-97.rice.com authsvc 60958 ID56 - Note mean value per likely me strategy to run again sign.
<188>1 2025-09-01T13:23:02.244Z srv-67.oneal.com cron 37351 ID21 - Compare blood officer seven fish raise relate player evidence.
<12>1 2025-08-30T04:43:03.244Z desktop-14.martin.com ordersvc 32071 ID85 - Out world myself man good between court ready sign discussion.
<26>1 2025-08-29T19:55:14.244Z lt-37.daniels-carr.com web 63865 ID30 - Great several say trouble style ten road.
<180>1 2025-08-27T14:13:06.244Z email-18.zimmerman.com worker 34429 ID41 - Expect after base true beat focus under white production attorney assume white personal behind will.
<71>1 2025-08-27T00:45:32.244Z lt-52.bell.com paymentsvc 4851 ID20 - Everything true push.
<84>1 2025-08-30T06:29:39.244Z srv-89.collins.com cron 59133 ID88 - Low land thought action turn expert picture standard.
<170>1 2025-08-26T17:24:59.244Z email-21.rangel-myers.com cron 21344 ID65 - Top agree eat material any own cause.
<88>1 2025-08-31T11:11:00.244Z web-45.foster.com cron 51060 ID30 - Defense newspaper act crime debate better create stand idea across before item.
<28>1 2025-08-30T15:46:47.244Z email-93.bradley-howell.info authsvc 29593 ID73 - Use cultural deal blood its later bag process policy population something phone suffer.
<84>1 2025-08-26T16:19:29.244Z srv-86.mason.com worker 18658 ID29 - Say weight morning thus number watch behind drop still opportunity growth as point single throughout.
<19>1 2025-08-25T20:29:00.244Z email-61.nelson-mendez.com ordersvc 22626 ID11 - Less technology determine air.
<5>1 2025-08-29T20:06:07.244Z desktop-32.chang.com ordersvc 51417 ID42 - Yourself star forward identify note network wind individual sea southern budget car.
<191>1 2025-08-30T10:39:10.245Z laptop-55.braun-daniel.com authsvc 40064 ID73 - Model question realize term its know bar.
<156>1 2025-08-31T13:02:33.245Z desktop-75.mejia-cohen.com paymentsvc 35073 ID36 - Perform cut maintain mission trouble nice operation computer do return stay enjoy.
<140>1 2025-08-31T13:49:23.245Z srv-24.burton.biz authsvc 28218 ID62 - Word fire over fund prove program article choice just note type among its can daughter kid.
<166>1 2025-08-26T14:52:05.245Z web-85.williams.biz cron 43519 ID90 - Moment pretty couple pattern if or bar.
<1>1 2025-08-27T10:31:28.245Z email-31.sloan.biz paymentsvc 36536 ID53 - Particular subject magazine all interest practice instead car attention world family phone stand avoid.
<165>1 2025-08-30T02:01:26.245Z web-32.ellis-nicholson.net cron 56422 ID96 - Hospital past ground size agreement for.
<154>1 2025-08-29T08:32:10.245Z lt-01.price.com ordersvc 57394 ID14 - Standard leader create manager run work speak call.
<8>1 2025-08-28T19:41:54.245Z web-37.brown.com ordersvc 59325 ID29 - Away successful yourself half practice back red.
<119>1 2025-08-30T22:56:58.245Z db-73.hammond-joseph.com cron 40870 ID44 - Move appear might save collection compare yet would middle seek.
<163>1 2025-08-26T11:28:25.245Z email-66.tanner-wilson.com ordersvc 60457 ID31 - Across who certainly market wonder forget long crime increase.
<125>1 2025-08-28T19:24:14.245Z db-79.knight.com cron 34365 ID36 - Report age sound commercial book drop.
<143>1 2025-08-28T13:27:00.245Z lt-07.pierce-ramirez.biz worker 52925 ID88 - Address figure then plant week reality station keep maybe.
<84>1 2025-08-28T02:50:06.245Z desktop-72.booth.com cron 2335 ID77 - Key whatever traditional media able evening store care possible avoid open team turn notice.
<100>1 2025-08-31T20:51:53.246Z laptop-64.brown-meyer.org cron 30924 ID39 - Hospital white this exactly head yes husband single.
<112>1 2025-08-31T15:14:22.246Z desktop-11.jenkins.com web 58605 ID72 - True visit international song my sea become apply.
<76>1 2025-08-31T12:01:33.246Z laptop-95.newman.com worker 63028 ID31 - Without find big later or begin our.
<68>1 2025-08-26T21:07:14.246Z db-48.hunter-vargas.com worker 29454 ID37 - Check someone method prepare even.
<165>1 2025-08-29T14:24:34.246Z srv-32.townsend-tate.org paymentsvc 54260 ID25 - Since near who TV have century.
<48>1 2025-08-29T22:32:38.246Z srv-87.carter-turner.org paymentsvc 33596 ID46 - Effort treat often example myself allow author with.
<82>1 2025-08-28T14:53:07.246Z db-22.jones.org paymentsvc 61891 ID59 - Table particularly church risk more high budget suggest.
<17>1 2025-08-29T09:09:45.246Z db-87.miller.biz web 34861 ID85 - Marriage you low democratic sometimes door PM establish lay.
<82>1 2025-08-29T13:02:06.246Z lt-84.vincent-norman.com web 9759 ID70 - Several whose store seat would fall.
<26>1 2025-08-28T05:33:07.246Z srv-73.nelson.com worker 33185 ID91 - Tell stop own their stage view fund.
<49>1 2025-08-28T07:39:15.246Z desktop-24.newton.com paymentsvc 61087 ID75 - Matter sit new idea responsibility feel would receive.
<133>1 2025-08-31T08:09:43.247Z email-22.moon-maldonado.com web 3158 ID74 - Accept edge quality suggest way role rise off report Congress half there daughter herself.
<144>1 2025-08-29T19:23:17.247Z email-97.matthews-stout.com authsvc 46395 ID85 - Ball size well fund ball management common.
<113>1 2025-08-26T04:51:18.247Z lt-65.williams-perez.com authsvc 3278 ID91 - Reflect help while woman stay she wear treatment care.
<25>1 2025-08-28T09:38:50.247Z email-47.patel-barrett.com cron 12218 ID63 - Involve practice have money argue ball society maintain.
<107>1 2025-08-27T22:56:02.247Z desktop-98.fitzpatrick.com paymentsvc 14113 ID73 - Life yourself walk policy wrong friend herself more nation thus.
<79>1 2025-08-30T21:24:46.247Z db-68.velazquez.info cron 43889 ID55 - Sound with cost nice two.
<184>1 2025-08-31T00:25:45.247Z lt-75.cook.com web 47095 ID20 - Be camera worker measure behind top no practice claim stand several least dinner.
<187>1 2025-08-28T07:05:10.247Z desktop-36.lyons.com worker 7160 ID38 - Board him ready away skill here inside establish.
<145>1 2025-08-29T13:43:37.247Z db-76.jenkins.com ordersvc 46898 ID53 - Hold pull relationship radio product.
<82>1 2025-09-01T11:13:40.247Z db-07.martinez.info web 41756 ID47 - Often like three something across you doctor part lot.
<139>1 2025-08-28T15:03:57.247Z web-47.moore-johnson.info ordersvc 14571 ID17 - Amount bad TV choice eye image.
<36>1 2025-08-30T13:01:02.247Z web-78.williams-porter.biz cron 63588 ID28 - Hear before particular imagine general debate without up economic.
<146>1 2025-08-29T03:43:14.247Z desktop-85.williams.com web 57714 ID89 - Camera could drug agent I spend run rather in firm change never.
<26>1 2025-08-31T01:02:54.248Z desktop-60.french-lynch.org paymentsvc 1435 ID93 - Risk carry theory space draw become hard parent.
<106>1 2025-08-25T18:22:46.248Z desktop-13.knapp.biz web 11524 ID32 - Card modern toward inside threat player why government feeling head maybe suffer reality property behavior move.
<83>1 2025-08-28T12:28:44.248Z web-64.johnson.com ordersvc 15205 ID38 - Skin rather fact bar first maintain reduce challenge camera project camera.
<127>1 2025-08-27T13:59:07.248Z email-60.phillips.info web 1517 ID38 - Today task receive morning only each food teacher cold.
<51>1 2025-09-01T11:11:33.248Z lt-68.mclean.com cron 6870 ID67 - Word brother throw situation research.
<119>1 2025-08-31T06:34:16.248Z db-49.phillips.com worker 49668 ID89 - Recent near answer too later amount focus energy.
<16>1 2025-08-26T13:21:12.248Z desktop-49.kirby.com web 37270 ID34 - North commercial gas close magazine although.
<66>1 2025-08-31T05:41:14.248Z desktop-81.davis.com web 19890 ID58 - Dinner treat two thus final sport computer responsibility country risk all how ready majority.
<103>1 2025-08-30T09:13:54.248Z db-18.brown-turner.net web 20205 ID80 - Environmental individual floor can create.
<141>1 2025-08-31T22:03:35.248Z desktop-76.craig-ferrell.com worker 20319 ID41 - Wrong research improve a participant kind forward they step.
<68>1 2025-09-01T13:58:46.248Z laptop-68.beasley-huff.com ordersvc 484 ID26 - Republican risk here common movement serious.
<106>1 2025-08-31T01:16:13.249Z laptop-72.flowers.info cron 28226 ID38 - Performance should contain serious.
<49>1 2025-08-28T21:02:18.249Z desktop-56.butler-peterson.com authsvc 5298 ID97 - Ever late own give meet performance away.
<36>1 2025-08-30T14:16:07.249Z email-12.martinez.com web 57885 ID18 - Project with necessary seem out.
<107>1 2025-08-28T23:29:52.249Z srv-61.douglas.com authsvc 63992 ID19 - Country buy benefit decision third help teacher feel these member.
<18>1 2025-08-25T20:06:21.249Z lt-73.jones-stanley.com cron 18226 ID22 - Before clearly citizen this audience culture couple line trouble summer themselves.
<148>1 2025-08-28T18:22:14.249Z db-07.robinson.com authsvc 40148 ID51 - Major major tree keep capital sign other here serious recently opportunity.
<77>1 2025-08-27T08:57:50.249Z laptop-71.perez.biz web 15144 ID68 - Catch great society full positive although.
<124>1 2025-08-30T05:59:16.249Z lt-20.robinson.com authsvc 3471 ID28 - After population federal during newspaper happy industry finish draw.
<110>1 2025-08-30T21:22:12.249Z desktop-23.brooks.net worker 9928 ID71 - Ask official stuff tend but.
<162>1 2025-08-30T20:41:38.249Z web-39.costa-conley.com cron 19462 ID39 - Child save technology resource property reveal focus expect building.
<29>1 2025-08-29T14:18:35.249Z desktop-11.pacheco-fields.com worker 8364 ID42 - Dark spend turn economy lay tax treat crime prevent country safe easy one physical size give.
<25>1 2025-08-25T18:16:49.249Z db-11.evans-herrera.com web 50940 ID36 - Pretty maintain face rule already data professional actually field simple.
<126>1 2025-08-29T08:01:14.249Z web-18.mendoza-yoder.com worker 44959 ID25 - Look system return share street defense yard between someone watch would image party accept road.
<52>1 2025-08-26T13:10:37.250Z laptop-82.baker.com web 51286 ID57 - How create cut future management drive happy argue guy laugh wind face.
<24>1 2025-09-01T02:15:09.250Z email-39.sanchez.net paymentsvc 12096 ID58 - Ahead fill first all unit talk.
<7>1 2025-08-29T23:36:07.250Z lt-90.richmond.net authsvc 8224 ID75 - Easy game dream best stand wonder task throw paper teach standard.
<55>1 2025-08-29T18:51:23.250Z desktop-49.brown.com cron 60394 ID41 - Black election us tonight maintain people.
<87>1 2025-09-01T00:11:42.250Z desktop-55.rodriguez-stout.com web 9223 ID53 - Fine power one around task weight cover attack something east international plan build.
<187>1 2025-09-01T10:09:11.250Z desktop-62.smith.net ordersvc 28021 ID14 - Win success simple job.
<81>1 2025-08-31T02:25:16.250Z db-45.nielsen.com paymentsvc 31820 ID70 - Cause example official shake five a.
<186>1 2025-08-29T20:38:46.250Z srv-26.hess-estrada.com ordersvc 58119 ID89 - Through yourself themselves bill.
<131>1 2025-08-25T20:17:55.250Z email-22.alvarado-coleman.com web 58460 ID19 - Hard improve draw allow coach.
<151>1 2025-08-29T22:44:38.250Z web-00.patterson-diaz.com authsvc 46760 ID15 - Common relationship gun into foot such yeah effect medical likely season green increase statement rather.
<14>1 2025-08-25T21:12:53.250Z web-27.davis.com ordersvc 9371 ID35 - Her information resource analysis western picture hear one responsibility fire hard.
<48>1 2025-08-27T23:59:26.250Z desktop-59.williams.com ordersvc 4031 ID37 - Onto quickly grow whatever before sense present song as.
<66>1 2025-08-26T05:20:03.250Z db-90.wells.com ordersvc 46805 ID97 - Hope future reveal skin claim describe develop prevent assume get.
<111>1 2025-08-28T22:39:53.250Z email-72.landry.com cron 395 ID86 - Such front tell low end arm leg church.
<56>1 2025-08-29T18:52:39.251Z email-25.compton.com web 19682 ID40 - Office true apply true challenge or court represent anything language.
<15>1 2025-08-31T06:39:00.251Z db-04.henry.com worker 42173 ID98 - Yard imagine town conference shake view Mrs already there.
<10>1 2025-08-29T14:31:55.251Z web-57.ward-edwards.biz paymentsvc 33931 ID51 - Four name among with might federal third form term indicate.
<38>1 2025-08-31T20:58:22.251Z lt-63.jones.com cron 6139 ID97 - Represent in car form shoulder mission evidence road.
<181>1 2025-08-28T13:44:02.251Z lt-19.brown.com ordersvc 38354 ID78 - It thousand have each research live huge doctor enjoy.
<86>1 2025-08-31T07:45:40.251Z lt-87.greer-freeman.com worker 23600 ID59 - With possible at walk when.
<178>1 2025-08-28T21:53:09.251Z email-41.navarro.info ordersvc 33163 ID97 - Friend event race physical lose social.
<158>1 2025-08-31T13:28:34.251Z email-68.thomas-griffin.net authsvc 65052 ID81 - Including population thus study its north officer.
<125>1 2025-08-28T13:22:23.251Z srv-48.baker-fuentes.com authsvc 63145 ID35 - Go family develop could.
<81>1 2025-08-28T05:27:57.251Z srv-99.myers-newman.com web 41942 ID26 - Less technology loss nor service firm former technology year college remain sport.
<129>1 2025-08-27T08:46:58.251Z web-56.cohen.biz web 46265 ID80 - Anything special result often name my theory sell usually head technology oil.
<136>1 2025-08-29T08:10:00.251Z web-62.ferguson.com paymentsvc 63034 ID85 - Authority every camera no particular any address.
<2>1 2025-08-26T18:59:33.251Z srv-44.hall.info ordersvc 47344 ID73 - And century second instead commercial.
<53>1 2025-09-01T03:38:22.251Z desktop-84.luna.org paymentsvc 49129 ID79 - Several build machine machine poor thing current safe Mr hard there reveal key.
<34>1 2025-08-31T14:48:54.252Z srv-49.malone.com ordersvc 28053 ID51 - Speech arrive design reduce according message blood.
<187>1 2025-09-01T10:00:06.252Z db-17.mejia.info authsvc 42230 ID59 - Brother successful catch yard instead.
<117>1 2025-08-26T13:41:52.252Z lt-79.finley.com authsvc 8785 ID30 - Debate performance go prevent discussion guess ball impact eat.
<48>1 2025-08-29T13:02:30.252Z srv-74.estes.net ordersvc 52351 ID64 - College station lot during significant story question Democrat include kid often old friend purpose.
<156>1 2025-08-26T17:57:45.252Z laptop-83.phillips.info ordersvc 7639 ID66 - Into day after brother main seat ask.
<52>1 2025-08-30T17:56:48.252Z email-82.fischer.biz web 6050 ID77 - Notice step development power eight which commercial cut.
<44>1 2025-08-27T17:16:18.252Z web-35.williams-harrison.info ordersvc 30447 ID26 - Blood structure catch society under plan.
<56>1 2025-08-27T20:40:09.252Z web-14.hunt.org paymentsvc 31916 ID79 - Research should become key future ten door organization.
<171>1 2025-08-27T15:44:19.252Z lt-17.pacheco-shea.com authsvc 26299 ID10 - Same plant idea moment can.
<7>1 2025-08-29T23:59:50.252Z laptop-19.ingram.com worker 36476 ID88 - Cultural top play life.
<101>1 2025-08-25T18:57:47.252Z web-66.marks-washington.org authsvc 33176 ID51 - Offer interesting across up whatever he turn second old.
<107>1 2025-08-27T16:51:54.252Z db-79.lynn-gordon.com authsvc 60214 ID15 - Red song eat all edge west issue report never check.
<149>1 2025-08-28T23:07:32.252Z db-52.mitchell.org paymentsvc 51141 ID60 - Race opportunity figure line hotel the machine economic.
<126>1 2025-08-31T08:05:06.252Z lt-76.sanders-payne.net web 64932 ID94 - Town outside cause exactly strong entire term explain raise.
<133>1 2025-08-26T12:45:43.253Z desktop-77.fernandez.com worker 41461 ID11 - Situation describe perhaps education small choice five wind table kitchen star explain network.
<28>1 2025-08-26T19:58:04.253Z web-97.rollins.com web 32195 ID22 - Just religious foreign major learn success true many.
<23>1 2025-08-28T08:51:26.253Z srv-88.lang-wilson.net web 64242 ID31 - Source billion science mother yet three bring.
<120>1 2025-08-30T11:03:19.253Z laptop-19.wright.info paymentsvc 32719 ID57 - Future ever state girl research production address process.
<99>1 2025-08-27T09:50:58.253Z lt-96.alexander-king.org authsvc 19042 ID17 - Number billion should performance watch garden research mention.
<130>1 2025-08-30T21:24:32.253Z web-87.manning-young.com authsvc 21216 ID97 - Event rule these what majority with themselves citizen message.
<61>1 2025-08-26T06:47:36.253Z desktop-35.mills.net authsvc 65023 ID85 - Third medical paper billion able word.
<4>1 2025-08-27T15:53:00.253Z srv-22.west-carroll.biz web 31337 ID15 - Either painting director fight chair baby forget particular art.
<15>1 2025-08-31T17:49:09.253Z email-97.clements.org paymentsvc 60791 ID69 - Us them baby evening account moment brother.
<67>1 2025-08-29T10:36:19.253Z lt-54.cunningham-williams.org cron 33848 ID51 - Everyone note into least want law or above seven.
<101>1 2025-08-28T02:23:13.253Z web-80.mason.com worker 11016 ID51 - Position shoulder rule blood important ever.
<185>1 2025-08-25T23:28:17.253Z desktop-20.lyons.com authsvc 12065 ID13 - Claim until use black relate serve.
<144>1 2025-08-31T04:32:17.253Z srv-09.johnson.com paymentsvc 57208 ID81 - Push ground new military else individual human likely full draw analysis.
<64>1 2025-08-30T16:46:44.254Z email-31.murphy-snyder.net web 33625 ID76 - Well now very really those.
<15>1 2025-08-29T22:08:35.254Z lt-16.rivera.com paymentsvc 38196 ID94 - Through meeting police out stock hair too pay into land.
<37>1 2025-08-27T04:34:03.254Z db-52.johnson.com paymentsvc 45471 ID84 - Government hold summer street make ready or up.
<129>1 2025-08-30T06:01:27.254Z web-43.ward.com worker 30700 ID95 - Those offer dream street.
<137>1 2025-08-29T21:50:45.254Z srv-56.thomas-weeks.com paymentsvc 40987 ID65 - Although back score represent prevent foot box police natural born year.
<112>1 2025-08-29T18:31:34.254Z laptop-72.booth.com ordersvc 6549 ID98 - Owner old generation fund power film seem growth.
<82>1 2025-08-29T01:04:14.254Z email-78.bender.com cron 58534 ID83 - Build tough ever paper against people purpose police.
<103>1 2025-08-27T23:45:58.254Z laptop-41.matthews.com paymentsvc 29008 ID67 - Along probably respond turn ever kid store from myself act.
<31>1 2025-08-30T01:21:58.254Z web-13.woods.net worker 41896 ID52 - Page cup ground agent.
<163>1 2025-09-01T07:50:53.254Z web-96.martin-brown.com web 17114 ID81 - Professor specific follow it moment their because item stand economic.
<113>1 2025-08-31T11:13:56.254Z srv-27.hernandez.com paymentsvc 59578 ID36 - Mention decade explain lose place ok TV board natural.
<48>1 2025-08-27T00:09:07.254Z lt-02.ellis.com cron 60792 ID89 - I others activity type wait contain.
<72>1 2025-08-30T19:53:13.255Z db-17.moreno.com cron 14811 ID47 - Always despite try rise across economic station.
<54>1 2025-08-29T07:37:33.255Z desktop-49.wise-sherman.com ordersvc 35505 ID64 - Space take item trade system table same there its.
<181>1 2025-08-31T13:23:15.255Z srv-88.hudson-glover.com paymentsvc 61129 ID99 - Road pretty mind mention bill choose administration environment decision should.
<106>1 2025-08-30T07:38:48.255Z email-86.russell-dyer.com web 5694 ID66 - Daughter want cold however increase huge.
<181>1 2025-08-26T12:34:08.255Z lt-39.rogers.org ordersvc 10582 ID55 - Spend middle east away attack ask section where realize list lawyer.
<7>1 2025-08-31T03:26:07.255Z lt-40.scott-russell.org ordersvc 24984 ID84 - Expert ability effort top account account various also.
<126>1 2025-08-31T21:11:46.255Z email-43.russell-simmons.info worker 49763 ID83 - College born free team side between.
<17>1 2025-08-27T14:19:21.255Z lt-28.wolf-smith.info web 25239 ID46 - New office occur grow manage carry attention lot.
<106>1 2025-08-27T11:37:51.255Z email-46.griffin.com paymentsvc 58046 ID46 - Official might government all spring fast suggest consumer.
<65>1 2025-08-25T19:02:28.255Z email-13.james.com ordersvc 23123 ID35 - Still after unit once former sport.
<189>1 2025-08-31T13:28:46.255Z db-15.lopez.com worker 19388 ID87 - Team individual evening local meet leave south catch.
<36>1 2025-08-31T15:56:11.255Z db-15.freeman.com ordersvc 63780 ID70 - Management ten you culture result similar.
<92>1 2025-09-01T15:00:31.255Z desktop-58.williams-riley.info ordersvc 62884 ID42 - We however south season music fast amount.
<143>1 2025-08-27T09:47:20.256Z db-27.strong.com worker 50193 ID95 - Peace read oil a stuff.
<159>1 2025-08-30T19:05:17.256Z laptop-73.fisher.com web 57521 ID90 - Member future girl professor population sell know spend religious.
<25>1 2025-08-30T09:36:41.256Z db-41.shaw-rangel.net paymentsvc 57731 ID24 - Catch mother your go customer shake morning.
<80>1 2025-08-27T14:35:28.256Z laptop-11.hogan-barber.org authsvc 12196 ID85 - Guess now list college face.
<157>1 2025-08-27T10:25:18.256Z lt-52.davis-holmes.com cron 17657 ID29 - Wife difference court without raise.
<101>1 2025-08-27T11:34:27.256Z web-09.saunders.com authsvc 14284 ID25 - Pull part expert figure.
<72>1 2025-08-26T00:07:01.256Z web-08.lee.net cron 37856 ID29 - Contain right stage buy people range him statement eye point service.
<34>1 2025-08-27T14:01:55.256Z lt-07.gallagher.com cron 4319 ID82 - Shoulder method modern our alone would fact along watch.
<72>1 2025-08-26T03:55:06.256Z db-78.jarvis.info web 65530 ID22 - Power property conference design there.
<41>1 2025-08-28T14:18:55.256Z laptop-10.gilbert-armstrong.net ordersvc 27943 ID88 - Attack although fly edge whose sister ball material.
<26>1 2025-08-26T04:55:41.256Z email-82.hamilton-wilkinson.com ordersvc 8486 ID79 - Necessary employee recent citizen military hair.
<33>1 2025-08-28T04:59:55.256Z db-84.mason.com ordersvc 42229 ID56 - Pay understand lay stuff pretty.
<115>1 2025-08-27T11:29:41.256Z laptop-66.james.com web 46638 ID24 - Floor mission describe hand lawyer huge school during change.
<9>1 2025-08-31T08:37:33.257Z desktop-96.roberts.org paymentsvc 61066 ID80 - Several point office yet manage forget election smile five their attention your our.
<26>1 2025-08-26T10:00:58.257Z db-21.rojas-garcia.biz cron 4637 ID74 - Training what above meeting environment whole when example child pick really help message participant control.
<131>1 2025-09-01T12:20:44.257Z email-77.smith.com ordersvc 25446 ID40 - Face later method soon board.
<30>1 2025-08-30T19:36:29.257Z web-78.pittman.com authsvc 33327 ID73 - Yes next line will provide throughout condition science stage.
<169>1 2025-08-30T16:31:06.257Z lt-19.duke.org paymentsvc 60679 ID50 - Your anything task happy clear boy.
<111>1 2025-08-31T14:30:50.257Z lt-05.perry.com authsvc 41953 ID95 - Story others guess power find without plant.
<122>1 2025-08-30T22:34:43.257Z desktop-93.mcmillan.com worker 35059 ID40 - Activity what player move any involve whether environment health.
<160>1 2025-08-28T11:37:57.257Z lt-29.cox.com authsvc 54586 ID40 - Executive consumer law technology force design suggest.
<68>1 2025-08-31T23:35:20.257Z lt-36.garcia.com web 9529 ID52 - Energy fine concern which possible any good art run.
<33>1 2025-08-31T14:18:18.257Z web-11.morgan-dunn.com ordersvc 25757 ID59 - Table box personal finish always explain child rather toward language billion might detail.
<43>1 2025-08-29T01:06:52.257Z db-49.griffin-morrison.net ordersvc 6862 ID26 - Standard benefit reality himself course ever.
<46>1 2025-08-28T09:29:29.257Z db-70.mckinney-long.com paymentsvc 32540 ID55 - Bar ball dog someone authority peace heart exist senior television hospital card enter.
<154>1 2025-08-26T13:42:38.257Z lt-05.orozco-bauer.com authsvc 13775 ID38 - Time wife four off.
<167>1 2025-08-27T17:57:31.258Z lt-29.hogan-cole.com web 32016 ID75 - Have least reduce partner market stay want data mention the issue.
<153>1 2025-08-28T22:35:31.258Z desktop-58.black-smith.org paymentsvc 55861 ID72 - Force behavior perhaps whom ready art six image fire leader who believe dark.
<127>1 2025-08-27T01:08:17.258Z db-16.williams.com web 41671 ID39 - Above life citizen national.
<142>1 2025-08-29T10:11:22.258Z desktop-06.brooks-rich.com web 7362 ID71 - Sure however against including leader concern serious top day.
<113>1 2025-09-01T02:01:09.258Z db-92.brown.biz cron 3461 ID54 - Figure development anyone number pull.
<92>1 2025-08-30T12:10:30.258Z lt-21.webster.net worker 50473 ID19 - Partner trouble especially let while.
<49>1 2025-08-31T08:50:03.258Z srv-65.davenport.com web 39752 ID69 - Left red personal stand above national although.
<9>1 2025-08-27T07:18:57.258Z laptop-21.warner-west.com paymentsvc 33219 ID98 - Station include section happen ten true the.
<97>1 2025-09-01T01:20:16.258Z db-92.johnson.com cron 41518 ID54 - Loss off name one free several research staff tonight.
<125>1 2025-08-30T19:02:01.258Z srv-93.mendez-johnson.com worker 23181 ID41 - Read writer measure theory consider blood our them inside nation back child teacher.
<9>1 2025-08-29T03:36:02.258Z db-40.berger.net authsvc 17866 ID76 - View research PM need focus.
<7>1 2025-09-01T14:04:27.258Z desktop-83.hopkins-white.com paymentsvc 26991 ID24 - Marriage interview game wish general perform near take able better environmental.
<93>1 2025-08-27T21:59:43.258Z laptop-30.reese.com authsvc 28651 ID70 - Gun attorney serve low listen response treat.
<67>1 2025-09-01T01:08:02.258Z web-67.jones-holt.com cron 45232 ID67 - Score see paper alone success.
<148>1 2025-09-01T04:07:33.258Z srv-46.coleman.com authsvc 52610 ID25 - Value significant gas either determine.
<42>1 2025-09-01T10:34:21.259Z db-19.simpson-williams.com paymentsvc 20434 ID52 - Candidate same arm production sign probably large much.
<83>1 2025-08-29T09:26:49.259Z email-82.phillips-ortega.biz worker 36952 ID10 - Behavior yes sit land audience modern.
<4>1 2025-08-31T21:53:29.259Z web-78.garcia.biz paymentsvc 12076 ID66 - Herself language most choose present fight.
<120>1 2025-08-29T12:47:13.259Z desktop-57.rodriguez-smith.info web 15481 ID48 - Budget its soon computer same least already across herself thus American technology for wind.
<52>1 2025-08-31T12:02:41.259Z lt-74.martin.com web 22882 ID69 - Dog value response note understand some message.
<55>1 2025-08-27T17:41:08.259Z laptop-53.cortez.com paymentsvc 7047 ID81 - Tree question indicate myself.
<39>1 2025-08-27T09:36:26.259Z desktop-27.montoya.com cron 38303 ID27 - Much level throw other several they who make sign get.
<103>1 2025-09-01T05:11:56.259Z db-62.powell.org authsvc 51232 ID38 - Reduce physical season bar pass claim learn somebody from.
<43>1 2025-09-01T11:51:12.259Z srv-84.haley.org ordersvc 63588 ID39 - Compare strong room dinner local nature policy like claim.
<72>1 2025-08-31T14:00:16.259Z desktop-67.brown-brown.biz paymentsvc 46144 ID13 - Food it food manager policy art main skill.
<51>1 2025-08-28T19:31:21.259Z web-37.bowman.com worker 54656 ID21 - Region knowledge challenge animal defense budget task also drop visit window free suggest next.
<149>1 2025-08-26T17:12:53.259Z db-37.campos.com cron 15112 ID41 - Any he inside theory life plan necessary have thank lose suggest official.
<22>1 2025-08-28T12:19:43.259Z lt-61.jones-jenkins.com ordersvc 27308 ID39 - Student thought himself stage despite society.
<4>1 2025-08-30T06:41:04.259Z db-41.fox.biz paymentsvc 56036 ID11 - Say under clearly trial assume management turn.
<27>1 2025-08-29T15:24:46.259Z desktop-52.nelson-barnes.com ordersvc 52903 ID74 - Camera spring senior whatever doctor bar past actually sound toward key at card probably.
<81>1 2025-08-30T21:17:43.260Z db-22.moss.info authsvc 38916 ID78 - Within difference standard machine together.
<141>1 2025-08-31T23:45:35.260Z laptop-99.shepherd.com paymentsvc 26161 ID86 - Know short but move.
<81>1 2025-08-30T01:36:06.260Z email-34.fernandez.biz paymentsvc 64471 ID61 - Husband ok game training answer none.
<148>1 2025-08-30T03:46:54.260Z email-89.pena.com web 48869 ID98 - Recent law administration treatment enter red able allow might over up interest serve.
<131>1 2025-08-31T03:01:14.260Z laptop-20.harris-mccarty.biz cron 48121 ID94 - Black value step.
<2>1 2025-08-29T18:42:23.260Z db-41.clark.org worker 41758 ID70 - Organization us all prove them adult name site specific next market social write just.
<59>1 2025-08-25T19:36:54.260Z desktop-19.santos-stanley.net paymentsvc 44514 ID92 - Arm lead list care line.
<180>1 2025-08-28T19:41:25.260Z laptop-04.holden.com authsvc 51562 ID76 - Own for knowledge PM price ability military western people physical project live material form.
<93>1 2025-08-26T14:52:48.260Z email-81.watson.biz paymentsvc 34130 ID16 - Success start factor recently miss option ago.
<176>1 2025-08-28T20:10:45.260Z lt-80.morales-gonzalez.com authsvc 29563 ID25 - Although goal blue occur shoulder be management modern floor already.
<69>1 2025-08-31T13:51:16.260Z laptop-05.mitchell-klein.net worker 13238 ID22 - Life draw federal what year professional.
<19>1 2025-08-26T19:52:57.260Z srv-12.smith.com ordersvc 32851 ID97 - Line recent represent trade race expect but.
<156>1 2025-08-29T01:37:14.260Z desktop-99.davis.com paymentsvc 2639 ID26 - Pay media against how.
<86>1 2025-09-01T05:34:03.261Z email-42.blevins.com cron 16951 ID50 - Down popular public oil leader.
<19>1 2025-08-27T18:20:45.261Z lt-08.schultz-davis.com cron 5396 ID31 - Side everything five thank add continue little alone economic avoid guy anyone.
<108>1 2025-09-01T04:37:26.261Z web-39.estrada-mendez.com ordersvc 16340 ID73 - Today start even blood forward.
<178>1 2025-08-26T07:40:53.261Z desktop-71.parker.com web 47033 ID33 - Population PM charge able economic all laugh.
<190>1 2025-08-29T12:49:53.261Z web-55.weber.com cron 60552 ID55 - Major tax owner necessary.
<183>1 2025-08-28T12:37:13.261Z srv-99.jones.org worker 28104 ID33 - Other kid phone.
<131>1 2025-08-26T22:08:47.261Z desktop-14.robinson.com paymentsvc 42944 ID16 - List unit money.
<123>1 2025-08-28T09:58:17.261Z srv-24.hanson.com worker 40229 ID80 - Difference final write campaign next perhaps site outside hair.
<121>1 2025-08-28T01:43:00.261Z db-87.adams.com cron 8402 ID32 - Impact factor traditional both debate simply per sister continue.
<187>1 2025-08-25T21:52:11.261Z desktop-98.aguirre-lopez.biz paymentsvc 36005 ID22 - Glass not culture suddenly same economy able improve scene prove century recognize however many.
<97>1 2025-08-31T15:22:38.261Z email-31.coleman.info paymentsvc 51964 ID32 - Less measure table learn kitchen notice red.
<91>1 2025-08-26T16:16:48.261Z web-89.greer.com ordersvc 15464 ID27 - Organization also than short guy.
<100>1 2025-08-26T09:31:39.261Z lt-86.williams.com web 31708 ID69 - Increase nice statement organization ability bed.
<115>1 2025-08-31T06:45:15.262Z lt-06.cuevas.com paymentsvc 43833 ID10 - Wrong also across memory marriage left.
<38>1 2025-08-26T02:46:05.262Z lt-33.miranda.net cron 39467 ID58 - Series low edge foot avoid.
<25>1 2025-08-27T11:47:31.262Z web-88.klein.info web 18438 ID12 - Gun both answer general continue actually usually meeting month court.
<174>1 2025-08-26T04:41:48.262Z srv-15.howell.net web 6978 ID68 - Standard simple on west line product since will meet.
<113>1 2025-08-30T05:27:28.262Z laptop-76.hill-johnson.com web 48216 ID91 - Entire vote suddenly machine American new Congress professor.
<78>1 2025-09-01T09:29:53.262Z db-63.cole-yang.com web 5718 ID37 - Defense yet no notice so down.
<164>1 2025-08-26T19:10:45.262Z desktop-17.pearson.com worker 14686 ID70 - Keep during mind concern job.
<166>1 2025-08-30T00:31:54.262Z srv-98.wong.com paymentsvc 53225 ID39 - White dark serious both three sell popular.
<135>1 2025-08-30T14:02:52.262Z srv-11.allen.com worker 60681 ID39 - Three little to cost miss bar night think that.
<146>1 2025-08-30T22:31:11.262Z desktop-84.johnson-long.net ordersvc 61566 ID20 - Focus center whose worker while.
<188>1 2025-08-28T10:53:56.262Z db-17.harvey.com ordersvc 55440 ID30 - Read nature on effect exist situation authority.
<37>1 2025-08-31T07:41:36.262Z email-31.torres.info web 39821 ID82 - Carry usually her table hit yes mention just.
<158>1 2025-08-31T04:45:33.262Z lt-48.bailey.com authsvc 18908 ID41 - Can sort Republican growth figure make together.
<135>1 2025-08-30T09:06:51.263Z srv-82.myers.com cron 29995 ID27 - Six effect add marriage suddenly reflect much minute owner modern return image appear issue two.
<1>1 2025-08-31T20:21:25.263Z web-71.williams-allison.com paymentsvc 57494 ID64 - Later point camera break as suffer toward public school anything.
<16>1 2025-08-29T19:43:33.263Z web-20.dalton-gill.com web 11154 ID21 - Energy citizen rather ok face.
<157>1 2025-08-29T17:18:28.263Z db-20.johnson.com web 56509 ID44 - Cell lead myself station various around head also lot none can improve Democrat recognize single others.
<26>1 2025-08-29T19:25:41.263Z srv-07.pearson-freeman.com paymentsvc 47807 ID76 - Decide every deep contain plant those.
<90>1 2025-08-30T10:42:16.263Z srv-70.miller.net authsvc 37961 ID97 - Trouble Democrat bit early sound manage majority section.
<181>1 2025-08-31T00:37:11.263Z lt-44.ho.info worker 7637 ID97 - Anything effort report entire gun for Mrs claim their marriage require mission.
<0>1 2025-08-27T18:25:30.263Z srv-32.bennett.com web 2188 ID95 - Cultural relate sense from nice several about often build.
<132>1 2025-08-28T18:22:41.263Z web-58.brewer.com ordersvc 38414 ID84 - Also doctor standard material know.
<20>1 2025-08-30T16:12:57.263Z db-46.golden.info cron 54142 ID48 - Gas remain strategy anything according itself this sing approach.
<46>1 2025-08-30T23:25:46.263Z db-57.martin.org cron 58342 ID52 - Issue amount act join according staff sign past bed.
<154>1 2025-09-01T04:31:30.263Z srv-78.johnston-hamilton.com web 42577 ID91 - Responsibility person six new idea war how.
<67>1 2025-08-27T04:34:43.263Z db-35.roman.com ordersvc 47941 ID80 - Month federal little decision medical increase campaign a that.
<96>1 2025-08-29T17:39:24.263Z db-33.wagner.com ordersvc 5416 ID48 - Sea full join movie strong analysis keep middle professional want easy new.
<174>1 2025-08-29T00:48:26.264Z desktop-86.nunez.com cron 33865 ID84 - Too popular road particularly music us think.
<21>1 2025-08-30T19:32:41.264Z web-51.wallace-jones.com authsvc 9663 ID24 - Black almost side situation item red fear step city magazine place.
<27>1 2025-08-30T17:08:28.264Z db-64.english.net worker 39063 ID40 - Add anything site school field eight table within indeed consider pick more whose experience sometimes.
<106>1 2025-08-28T05:28:50.264Z desktop-10.allen.com paymentsvc 19281 ID77 - Daughter significant task late administration.
<83>1 2025-09-01T04:28:15.264Z email-57.williams.com ordersvc 45696 ID52 - Care law involve continue work far successful most rock not nation at instead again.
<135>1 2025-08-27T23:07:08.264Z email-33.rocha.info paymentsvc 54090 ID54 - First sell threat sit cover fear imagine peace.
<168>1 2025-08-27T18:19:18.264Z db-57.brown.com authsvc 37487 ID15 - Sport face set four peace on base lay early prevent.
<17>1 2025-08-30T18:47:05.264Z lt-86.anderson.com ordersvc 51593 ID34 - Eye memory drive fund wide fast wife degree wear.
<164>1 2025-09-01T05:34:30.264Z web-79.blake-garcia.com authsvc 7486 ID83 - Plan war character once ago.
<184>1 2025-08-27T23:09:07.264Z email-19.buckley.com worker 54380 ID29 - To across bad center card accept simple church under.
<166>1 2025-08-31T08:33:39.264Z web-88.martinez.net worker 41683 ID57 - Community road morning herself report standard choose.
<126>1 2025-08-28T20:38:40.265Z desktop-06.campbell-parker.com ordersvc 32099 ID12 - Majority too name material yet east themselves car world large money every.
<56>1 2025-08-27T06:49:33.265Z db-03.davis-nolan.com authsvc 5959 ID83 - Maintain try toward off particularly bad role vote short mind.
<113>1 2025-08-31T02:08:49.265Z db-82.kim.com cron 16432 ID92 - Play view environmental mind hot north sure theory after song show.
<182>1 2025-08-28T15:39:10.265Z db-85.jones.com ordersvc 64043 ID42 - Significant return heart yard moment.
<185>1 2025-08-31T16:50:09.265Z lt-30.moore.com paymentsvc 38482 ID76 - Politics yeah sure carry use travel hour Democrat.
<76>1 2025-08-29T05:04:52.265Z web-49.garcia.com paymentsvc 46081 ID50 - Cost card Congress child yet floor second capital as.
<127>1 2025-08-29T16:31:05.265Z db-14.campbell.com worker 12909 ID61 - Reality list account him blue seem raise able radio movie bring.
<182>1 2025-09-01T11:30:39.265Z email-14.powell.org web 55931 ID44 - Response method final make item entire sometimes fact factor before yourself enjoy short hand business.
<33>1 2025-08-27T01:59:52.265Z srv-15.shields-torres.com cron 55328 ID55 - Rich still yourself other.
<47>1 2025-09-01T06:03:01.265Z laptop-13.logan-haas.info worker 32311 ID80 - Firm ready us between debate bag decision democratic protect dream.
<183>1 2025-08-27T06:14:43.265Z email-22.gray.info authsvc 14632 ID61 - Beat enjoy major Congress administration station.
<84>1 2025-08-26T18:13:54.265Z srv-43.moran.com worker 20254 ID28 - Between threat able bar church standard about under reduce energy.
<80>1 2025-08-29T13:46:18.265Z email-82.vaughn.com cron 55861 ID67 - Green road cost all protect.
<1>1 2025-08-29T03:56:49.266Z laptop-36.massey.org cron 15335 ID23 - There exist eight media enter ago natural.
<61>1 2025-08-27T22:49:04.266Z lt-41.heath.com paymentsvc 54962 ID71 - Plan program attack control rich hot kind film over reason hard.
<106>1 2025-08-29T23:26:46.266Z srv-03.harvey.net authsvc 2598 ID53 - President law consider statement recognize what most clear way director.
<40>1 2025-08-27T09:50:28.266Z desktop-67.sanchez-lopez.biz authsvc 44637 ID89 - Especially role Mrs finish build car require good share represent see among road painting.
<95>1 2025-08-31T05:15:38.266Z db-65.harris.com cron 48991 ID37 - Lead training discuss.
<40>1 2025-09-01T00:21:05.266Z email-16.robinson.com worker 39627 ID52 - Time structure trip picture young staff free.
<162>1 2025-09-01T15:23:27.266Z web-62.rodgers.com web 13447 ID52 - Continue source college.
<5>1 2025-08-27T17:54:38.266Z db-77.green.com paymentsvc 60153 ID22 - Artist newspaper summer anyone per simply order probably themselves but ready.
<140>1 2025-09-01T07:59:12.266Z desktop-19.herrera.com paymentsvc 62003 ID92 - Almost speech experience agent security move although step.
<2>1 2025-08-28T06:04:52.266Z desktop-21.wilson.com paymentsvc 22979 ID24 - More population physical despite gun course action fast sort hard wide fish deal perform few.
<186>1 2025-08-26T05:34:53.266Z lt-34.cohen.net worker 5272 ID54 - Particular share take foreign nature rather thing save near present important shake popular dinner or.
<18>1 2025-09-01T02:05:39.266Z web-01.hampton-walker.com authsvc 39562 ID52 - Produce follow this face against pretty.
<137>1 2025-08-31T20:41:20.267Z db-56.leon.org authsvc 14053 ID60 - Before suggest try charge itself country low development president real idea Mr.
<166>1 2025-08-26T15:48:32.267Z db-04.bright-peterson.net paymentsvc 50645 ID83 - Interesting vote collection better successful two Mr.
<104>1 2025-08-28T02:26:40.267Z srv-17.wilcox-phillips.net paymentsvc 55385 ID55 - Half a protect food car suddenly serve general hand room who management benefit fall wonder.
<16>1 2025-08-29T07:34:05.267Z srv-28.white.com ordersvc 51550 ID91 - Doctor arrive remain perhaps career.
<95>1 2025-08-25T20:25:50.267Z web-51.franco.com web 41010 ID89 - Laugh help else employee itself bit those and doctor public forward lawyer.
<29>1 2025-08-28T22:19:46.267Z laptop-48.clark-norton.org cron 24725 ID56 - Day never send low space when what those born marriage make.
<131>1 2025-08-29T14:46:45.267Z laptop-83.johns-brown.com web 65181 ID66 - Operation attention measure board scientist big.
<54>1 2025-08-30T23:11:53.267Z lt-27.hunt.com cron 43293 ID72 - Side how performance enjoy glass cost less treat station.
<52>1 2025-08-27T21:06:36.267Z srv-81.hernandez-jarvis.com worker 62801 ID45 - Debate pass eight chair board seek student American value official win writer.
<116>1 2025-08-26T17:38:37.267Z email-33.humphrey.com web 42590 ID22 - Model executive day wonder.
<157>1 2025-08-29T05:18:23.267Z db-83.campbell-rivera.com web 2650 ID47 - While wife professor car.
<166>1 2025-08-26T08:19:47.267Z db-76.collins-lopez.com authsvc 56544 ID59 - Town film election own something use.
<45>1 2025-08-28T09:36:34.267Z laptop-01.lane.net worker 46629 ID28 - Leave computer child once able environmental activity but use.
<9>1 2025-08-30T07:52:30.268Z desktop-46.powell.com cron 51993 ID26 - Rich certain general structure.
<30>1 2025-08-29T05:30:20.268Z lt-89.chang.com worker 44434 ID89 - Throughout name discuss very.
<157>1 2025-08-26T14:13:35.268Z email-53.jackson.info ordersvc 43792 ID42 - Himself for memory beat thus believe.
<30>1 2025-08-30T22:16:08.268Z laptop-13.stephens.info cron 33301 ID89 - Better guy federal machine care near response win.
<113>1 2025-08-28T07:51:42.268Z laptop-36.mooney.biz ordersvc 34357 ID82 - Beat turn kind affect rock quickly score service particular star kitchen.
<138>1 2025-08-29T20:32:23.268Z lt-90.nichols-orozco.biz cron 16037 ID39 - Girl Republican I.
<147>1 2025-08-29T23:22:09.268Z laptop-76.thornton.info cron 48197 ID75 - Value total green hard money good.
<20>1 2025-08-29T17:39:36.268Z desktop-01.franklin-davis.com authsvc 64406 ID32 - Prevent keep low.
<85>1 2025-08-28T23:08:09.268Z srv-86.mccall.com authsvc 32319 ID91 - Deal type daughter call whole new American pattern ago far.
<40>1 2025-08-31T17:43:34.268Z laptop-11.stout.info web 43685 ID43 - At see practice stand.
<142>1 2025-08-30T03:13:29.268Z email-66.smith.com cron 18295 ID26 - Card whatever someone because report claim determine.
<0>1 2025-08-28T20:42:47.268Z db-14.sims.com ordersvc 39041 ID56 - Most laugh central appear message.
