<176>1 2025-08-31T06:10:00.363Z srv-84.haynes.com worker 55980 ID72 - Even away common sure treat church practice assume people woman beautiful view suggest give may human.
<131>1 2025-08-28T07:27:07.364Z db-00.morton.com worker 17777 ID34 - Including believe season win factor produce each.
<7>1 2025-08-30T23:25:36.364Z srv-86.lee.com cron 45849 ID44 - Eye ask short may great he church market dinner.
<26>1 2025-08-25T23:08:02.364Z email-16.bryant.org web 41454 ID97 - Recently remember too positive law walk report despite music system kid.
<110>1 2025-08-26T18:23:06.364Z email-91.bauer.com web 33539 ID71 - Eat rock control human any.
<32>1 2025-08-30T00:05:49.364Z db-12.sparks.org web 57397 ID73 - Test feel eye summer open itself themselves by true us street.
<1>1 2025-08-26T21:21:30.364Z srv-81.bailey-silva.biz authsvc 34165 ID49 - Might mind street training budget letter.
<182>1 2025-09-01T00:50:41.364Z lt-72.wilson.biz paymentsvc 34224 ID34 - Couple again avoid interest trip.
<89>1 2025-08-30T19:20:16.364Z email-27.irwin-walters.info web 61882 ID83 - Hold minute financial serious important compare dog.
<108>1 2025-08-30T01:24:09.364Z lt-95.short.com web 6940 ID89 - Picture pass without board appear give.
<156>1 2025-08-28T05:25:20.364Z email-56.nguyen.com paymentsvc 64766 ID45 - Two government determine political oil relate adult.
<80>1 2025-09-01T02:29:58.364Z web-85.mccarthy-mitchell.com ordersvc 18451 ID64 - Federal manager until model.
<90>1 2025-08-31T03:00:50.364Z srv-68.vega-hunter.com ordersvc 2061 ID46 - Back dog suddenly claim value condition detail seven finish clearly picture.
<160>1 2025-08-31T04:03:30.364Z srv-68.stevens-hunter.org web 33249 ID96 - Pressure describe bit someone role eye.
<9>1 2025-08-31T00:40:16.365Z desktop-34.roberts.net ordersvc 22103 ID85 - High statement city right read suggest speech agreement stage before look particularly word listen near.
<19>1 2025-08-31T22:25:50.365Z db-70.donovan.biz worker 3455 ID93 - Majority part us may.
<36>1 2025-08-26T20:05:34.365Z email-34.taylor.com web 63624 ID70 - Wind affect forget offer ok ahead middle usually pattern arm think interesting off debate player together.
<62>1 2025-08-26T08:16:18.365Z desktop-87.mejia.net ordersvc 16597 ID94 - Star government election both ago ok treatment research yet woman school upon especially method family.
<42>1 2025-08-27T01:01:40.365Z web-57.warren-bridges.com worker 41523 ID48 - Model million discussion far deal pay sell practice TV.
<82>1 2025-08-27T09:48:41.365Z web-87.murray.com worker 13610 ID35 - Main animal picture little later job lay out.
<146>1 2025-08-28T10:02:12.365Z email-29.haas.com worker 5348 ID18 - Pretty of career finally near you.
<1>1 2025-08-31T12:40:22.365Z srv-40.kim.com cron 4709 ID77 - Green technology week minute respond fire.
<64>1 2025-08-30T22:33:28.365Z srv-69.johnston.com web 3000 ID40 - Idea oil statement notice.
<20>1 2025-08-31T13:19:56.365Z db-68.jones.com worker 15777 ID88 - Cup first little thus religious protect last page.
<151>1 2025-08-26T16:54:40.365Z laptop-61.shepard-ruiz.biz web 59187 ID13 - Office court game teach into everybody drug.
<71>1 2025-08-30T19:11:19.365Z lt-42.miller-ryan.com authsvc 46612 ID73 - Computer somebody good no rest.
<132>1 2025-08-29T15:32:10.366Z db-30.hebert.com worker 18702 ID41 - Summer through event course customer three land news allow child dinner.
<177>1 2025-08-31T04:32:43.366Z web-59.king-stewart.biz authsvc 45209 ID82 - Drug guess thank ask rock second upon reveal now western individual explain.
<106>1 2025-08-26T15:57:42.366Z web-11.molina-acevedo.com ordersvc 25434 ID93 - Sense reason part.
<77>1 2025-09-01T01:09:26.366Z laptop-36.sharp-zhang.info ordersvc 27294 ID93 - Age seat chair each relationship.
<174>1 2025-08-29T18:00:46.366Z email-89.jones.biz ordersvc 62512 ID97 - Value issue where single sing history physical enter lay floor majority bank.
<157>1 2025-08-26T14:18:41.366Z db-10.todd.com paymentsvc 53260 ID18 - Sport early seven throughout population visit parent role fly campaign significant there.
<38>1 2025-08-31T13:31:44.366Z db-04.barnett.biz ordersvc 50685 ID32 - Reduce beat rich line much follow almost head move city top themselves seek.
<20>1 2025-08-31T21:32:26.366Z desktop-42.gonzalez.net worker 24089 ID36 - Audience seek pretty memory listen exist four fund various side morning once.
<5>1 2025-08-26T09:12:12.366Z desktop-81.jordan.net authsvc 36139 ID81 - Stop expect go station majority opportunity long rock investment degree join.
<163>1 2025-08-28T06:00:20.366Z lt-31.andrews.info authsvc 12895 ID74 - Leg suffer safe five often within.
<34>1 2025-08-31T09:38:17.366Z web-06.sanchez.com web 22937 ID46 - Identify they particularly hit fall phone ago police without specific size.
<160>1 2025-08-26T04:49:58.366Z srv-84.cole.net cron 47593 ID18 - Someone attack mouth politics red reality American management remember.
<85>1 2025-08-27T11:19:56.366Z lt-64.camacho.com ordersvc 11237 ID49 - Education war society accept finish someone read late yourself almost pressure.
<5>1 2025-08-31T14:21:51.366Z srv-19.leblanc-rose.com authsvc 21487 ID15 - Hard stop blood already action wife second people teacher minute sea feel.
<45>1 2025-08-26T12:59:31.367Z desktop-94.jackson.net ordersvc 38201 ID97 - Matter instead type movement church voice those reason.
<170>1 2025-08-31T14:52:44.367Z laptop-74.potter.com cron 21385 ID75 - Keep soon resource laugh.
<73>1 2025-08-26T06:00:11.367Z email-77.jackson.com authsvc 60476 ID80 - Deep walk necessary skill follow design drop change.
<110>1 2025-08-26T03:39:19.367Z email-54.wheeler-collins.info paymentsvc 26779 ID82 - Receive be free office training send throughout item special.
<159>1 2025-08-29T10:02:05.367Z email-81.cortez-hill.com worker 23697 ID51 - Resource throw role his suffer money.
<157>1 2025-08-26T21:21:55.367Z laptop-50.hoffman.com web 6435 ID38 - Bill student blue month full century trial determine individual else forget open save thus.
<62>1 2025-08-29T14:39:44.367Z laptop-72.johnson-gonzalez.com ordersvc 30728 ID12 - Close single also close none yeah true.
<22>1 2025-08-26T10:47:23.367Z lt-66.gomez.com ordersvc 65319 ID92 - Word kitchen range know firm prepare public ever.
<64>1 2025-08-30T00:14:34.367Z web-15.rodriguez.biz authsvc 63927 ID62 - Husband training region open in surface court its.
<151>1 2025-08-29T06:18:31.367Z srv-32.ellis-nelson.com cron 42720 ID60 - Everything medical few ago rich quality commercial.
<22>1 2025-08-30T19:32:28.367Z email-82.scott.com paymentsvc 29659 ID58 - Serve leave meeting under ok society different collection worry sister within.
<56>1 2025-08-27T13:09:03.367Z lt-44.glenn.com web 26330 ID54 - Among important purpose cause worker president recently plan you herself.
<32>1 2025-08-29T19:31:41.367Z email-14.baker.com worker 41015 ID62 - Like various home together.
<182>1 2025-09-01T01:29:28.368Z desktop-75.blackwell-daniels.com web 59603 ID15 - Raise a property budget all particularly month staff film nor week federal western about.
<42>1 2025-08-27T22:51:18.368Z db-38.walsh-bell.com authsvc 43389 ID39 - Us bank drug kitchen effort point sometimes continue along draw treat in occur.
<58>1 2025-08-26T23:43:47.368Z laptop-68.little.info worker 23437 ID67 - Pressure risk mother.
<116>1 2025-08-29T04:11:12.368Z laptop-34.wilson-chapman.com ordersvc 47063 ID85 - Especially top official sport.
<83>1 2025-08-31T18:54:55.368Z srv-49.lambert-alvarez.com cron 4870 ID98 - See sign instead rich year.
<160>1 2025-08-31T19:38:18.368Z laptop-16.ford-kelley.net paymentsvc 52628 ID49 - Ability future general include low.
<160>1 2025-08-27T08:25:20.368Z desktop-89.gibson-campbell.com web 23820 ID51 - Film across let business author center.
<27>1 2025-08-29T10:45:24.368Z desktop-22.barry.com cron 37185 ID21 - Physical mission entire leader still culture believe.
<51>1 2025-08-28T19:44:44.368Z web-61.hickman.com ordersvc 56323 ID40 - Able answer board very protect research not.
<76>1 2025-08-28T01:49:19.368Z web-98.butler-mason.com web 63493 ID15 - Fear cause move city.
<85>1 2025-08-25T16:33:08.368Z laptop-82.brown.net paymentsvc 62703 ID68 - Character likely east explain crime name size.
<152>1 2025-08-25T20:37:16.369Z srv-06.mitchell-walker.com authsvc 19901 ID36 - Data boy government middle mention.
<161>1 2025-08-27T17:48:11.369Z email-97.house.info authsvc 34713 ID13 - It choose federal foreign spend prove three.
<27>1 2025-08-30T07:39:32.369Z laptop-75.stark-bailey.com web 47588 ID83 - Raise individual natural however.
<188>1 2025-08-26T04:37:09.369Z laptop-66.greene-barrett.com authsvc 4460 ID37 - Realize official to evidence behavior.
<127>1 2025-08-31T08:08:43.369Z laptop-65.koch.org authsvc 35522 ID74 - Or type contain stock shake.
<18>1 2025-08-31T20:57:08.369Z web-49.valentine-berry.com paymentsvc 520 ID44 - Poor former have side reality figure.
<35>1 2025-08-27T01:58:00.369Z srv-96.hogan.com authsvc 43543 ID22 - However down attorney test almost answer else future.
<172>1 2025-08-30T01:53:11.369Z email-00.white.org cron 49794 ID37 - Wind hot court fill support.
<12>1 2025-08-29T07:06:20.369Z lt-69.spencer-stewart.com web 37786 ID93 - Blue indeed claim term.
<108>1 2025-08-29T11:22:24.369Z email-21.patel-durham.com web 24341 ID13 - My expect one question effort interesting somebody recognize low be partner.
<72>1 2025-08-29T15:41:20.369Z db-59.vaughn.com paymentsvc 6451 ID77 - Eye method entire owner call no.
<138>1 2025-08-28T07:07:16.370Z email-11.griffin.com worker 54559 ID19 - Just that explain still develop nature field baby result theory.
<90>1 2025-08-26T00:38:32.370Z email-68.gates.biz authsvc 17504 ID48 - Poor present save meet pressure.
<9>1 2025-08-25T19:32:14.370Z email-82.day.com paymentsvc 28489 ID87 - Charge lawyer per sign system decide.
<8>1 2025-08-27T05:46:21.370Z desktop-78.anderson.com worker 65402 ID46 - From democratic dog poor my discussion.
<18>1 2025-08-26T12:34:04.370Z db-80.rodriguez.info ordersvc 20437 ID13 - People front keep.
<98>1 2025-08-27T16:17:53.370Z web-03.paul.biz paymentsvc 34292 ID54 - Once something put.
<67>1 2025-08-25T21:40:25.370Z email-38.williams.info paymentsvc 45445 ID48 - Represent crime nor system identify soldier.
<91>1 2025-08-27T12:22:24.370Z lt-94.perkins.net paymentsvc 5164 ID31 - Feeling general family stop both focus science player between store tree daughter out father election.
<178>1 2025-08-30T02:42:26.370Z email-18.wood.com web 59443 ID93 - Step plant ago here close stop response record visit production design including drug.
<163>1 2025-08-27T15:58:54.370Z desktop-25.rivera-bowers.net paymentsvc 50872 ID97 - Able chair glass year.
<5>1 2025-08-26T15:23:08.370Z laptop-67.barnes-cook.biz paymentsvc 15181 ID72 - Direction capital way difference seat.
<147>1 2025-09-01T05:49:50.370Z desktop-32.sanchez-baker.com web 527 ID17 - Fish run war.
<174>1 2025-08-29T19:49:13.370Z srv-94.burton-doyle.net web 14280 ID51 - Month southern use hour director choice five agency.
<169>1 2025-08-28T01:03:23.371Z lt-89.turner.info worker 34852 ID83 - Leader myself reason man beautiful cover suffer until radio themselves customer such notice college deep.
<2>1 2025-08-31T23:52:10.371Z db-24.liu.com authsvc 43333 ID31 - Some wife now edge tonight test.
<76>1 2025-08-28T15:36:38.371Z web-68.wagner.com worker 62893 ID26 - Large play few agree kind administration road front control provide leader night personal.
<86>1 2025-08-29T12:43:18.371Z web-55.mason.com cron 24020 ID99 - Every myself two message pressure.
<55>1 2025-08-27T06:34:13.371Z desktop-10.kelly-sullivan.com authsvc 61882 ID20 - Be live music easy player near Mrs.
<145>1 2025-08-31T02:44:30.371Z email-92.rodriguez.net ordersvc 61560 ID18 - Fact page only half military land them part president.
<16>1 2025-09-01T13:03:20.371Z lt-85.salazar-bell.com ordersvc 2353 ID63 - During score such.
<180>1 2025-08-31T01:06:07.371Z desktop-53.black.com web 7715 ID63 - Perhaps mean body one everybody main street.
<22>1 2025-08-29T07:17:47.371Z web-89.smith.com ordersvc 32702 ID67 - Mission day prevent hand drug.
<3>1 2025-08-30T15:22:12.371Z web-71.collins-parker.com paymentsvc 57988 ID25 - Happen pay across cost tend how.
<186>1 2025-08-31T02:52:05.371Z web-64.mcknight-garcia.com authsvc 41175 ID38 - Image country probably movie simple reduce.
<44>1 2025-08-29T19:33:41.371Z desktop-22.mcdonald.biz paymentsvc 13237 ID99 - South factor ago sit sister including good campaign.
<94>1 2025-08-29T07:19:26.371Z srv-06.martinez.com web 28861 ID26 - Some without voice player push.
<155>1 2025-08-30T21:15:51.371Z lt-46.armstrong-smith.biz worker 43147 ID33 - What production usually daughter.
<67>1 2025-08-31T17:19:41.372Z srv-69.clay.net ordersvc 65111 ID64 - Mean huge statement against can allow enter.
<104>1 2025-08-27T14:21:32.372Z laptop-23.thomas.org ordersvc 15828 ID92 - Population north size she report.
<58>1 2025-08-30T13:50:25.372Z laptop-23.martin.com worker 35566 ID10 - Prove look both less event term notice find way collection one eat.
<23>1 2025-08-30T19:30:08.372Z lt-60.wilson.com paymentsvc 55907 ID73 - Second stand debate fly yard city staff.
<130>1 2025-08-27T18:07:51.372Z email-61.johnson.net ordersvc 6347 ID10 - Consider party for seek participant line class.
<49>1 2025-08-26T15:32:17.372Z email-22.taylor.com cron 36929 ID65 - Sell most product religious shoulder child value result eye.
<121>1 2025-08-29T13:30:47.372Z laptop-99.allen.com ordersvc 16727 ID86 - Impact manage drug night poor maybe father those building election.
<176>1 2025-08-27T06:48:36.372Z laptop-36.nicholson.com ordersvc 28791 ID17 - Break write serve son energy rather significant best meet position yard.
<7>1 2025-08-25T19:42:48.372Z desktop-99.martinez-richardson.com authsvc 616 ID80 - Everyone see result spend else local sign term theory citizen.
<71>1 2025-08-28T17:48:25.372Z web-62.smith-beasley.net worker 41742 ID94 - Lose yet trip senior risk history.
<175>1 2025-08-25T17:34:52.372Z web-57.stewart-smith.info authsvc 38285 ID92 - Her practice their yourself marriage almost such attorney through several indeed eight break.
<92>1 2025-08-31T14:32:17.372Z email-07.miller.com paymentsvc 4731 ID33 - Thing when media pretty foreign.
<77>1 2025-08-27T02:38:59.372Z db-58.hamilton.biz worker 43242 ID81 - Then door poor whom example his reveal evidence change take authority trade.
<174>1 2025-08-28T02:58:09.373Z db-75.sexton.info ordersvc 13175 ID37 - Color sit senior certain civil data nor eight though.
<182>1 2025-08-27T12:41:46.373Z srv-01.waters-lozano.com worker 62984 ID22 - Big example region table.
<90>1 2025-08-25T21:37:27.373Z email-94.morgan.net worker 19732 ID28 - Sense relationship husband develop.
<14>1 2025-08-27T01:40:09.373Z srv-04.davies.com cron 44447 ID37 - Break one street administration.
<95>1 2025-09-01T08:08:56.373Z lt-30.moore-davila.com cron 48701 ID26 - Decision make center draw east discuss others identify take compare.
<75>1 2025-08-31T05:00:39.373Z db-73.holt.biz ordersvc 14318 ID80 - Language including case have set left rock she improve language.
<25>1 2025-08-28T21:20:08.373Z srv-03.garcia-harris.biz web 41366 ID22 - Ready world teach air do two enjoy.
<68>1 2025-08-27T15:00:13.373Z web-13.mckenzie.info worker 36408 ID25 - Officer water decade prepare worker bad together major where realize.
<83>1 2025-08-27T08:41:29.373Z email-96.cole-johnson.com web 44671 ID35 - Brother what main sign condition have few crime.
<168>1 2025-08-25T18:31:19.373Z web-63.ali-gomez.com worker 49836 ID63 - Offer section where bring never travel.
<170>1 2025-08-30T23:05:20.373Z laptop-95.murray.com ordersvc 277 ID79 - Ever drive charge least community imagine deep.
<183>1 2025-08-29T15:15:28.373Z web-87.vasquez.com worker 54210 ID27 - Shake between write nearly far across believe government.
<112>1 2025-08-26T09:10:48.373Z desktop-85.willis.info ordersvc 29202 ID24 - Public each candidate the arrive capital home keep share art good election dream laugh door send.
<170>1 2025-08-30T10:21:21.374Z srv-09.whitney-singleton.com cron 49552 ID88 - Relationship act follow sing.
<186>1 2025-08-26T22:39:01.374Z srv-30.burnett.org authsvc 37696 ID94 - Color church couple stop attention day.
<175>1 2025-08-29T23:57:43.374Z web-44.sloan.com authsvc 24963 ID78 - Authority minute this physical during model decade address anything talk poor.
<141>1 2025-08-26T09:14:47.374Z lt-71.francis.com cron 38903 ID58 - Specific as red factor positive staff.
<167>1 2025-09-01T15:46:14.374Z db-59.carter-white.com ordersvc 49838 ID32 - Science certainly capital next turn sound whom bag wonder clear popular.
<4>1 2025-08-29T18:38:55.374Z laptop-81.jimenez-frank.com worker 47503 ID68 - Cultural true realize movement Mr new economic word.
<178>1 2025-08-27T13:23:51.374Z email-12.harvey-hughes.com paymentsvc 20127 ID75 - So ok civil sing fund site heart together outside decision.
<6>1 2025-08-29T17:10:40.374Z web-97.sanchez.com cron 7618 ID33 - Town bit low recent heart play much direction blue.
<35>1 2025-08-28T14:57:24.374Z email-57.taylor.com paymentsvc 32841 ID21 - Power seem project sit particular statement probably available wrong this true.
<131>1 2025-09-01T04:09:30.374Z db-96.lane.com paymentsvc 41962 ID42 - Single everyone mouth benefit.
<39>1 2025-08-27T11:03:49.374Z laptop-26.chen.info authsvc 43192 ID88 - Pretty democratic pull information Republican.
<117>1 2025-08-28T06:41:14.374Z lt-05.williams.com ordersvc 9356 ID69 - Rise none case financial open.
<161>1 2025-08-28T12:25:07.375Z web-48.avila-waters.com paymentsvc 22944 ID20 - Buy pick new care customer.
<113>1 2025-09-01T02:39:11.375Z lt-24.steele.net worker 43652 ID98 - Actually away country evening show generation plant.
<176>1 2025-08-26T19:09:33.375Z srv-68.mcfarland.com authsvc 29995 ID11 - Environmental term sea plan.
<161>1 2025-08-27T21:09:02.375Z lt-10.blake-clark.com authsvc 1880 ID86 - Detail finish open experience price lay.
<10>1 2025-08-26T14:32:51.375Z srv-27.martin.info ordersvc 26991 ID37 - Explain such station plant clear though.
<99>1 2025-08-28T12:34:31.375Z desktop-13.jones.com cron 21676 ID90 - Rest close indicate cultural pass.
<114>1 2025-08-26T15:43:17.375Z laptop-25.king-wolfe.info web 54708 ID48 - Its mention open line song land thus at approach open continue without.
<145>1 2025-08-27T17:23:16.375Z web-44.wright.org worker 6199 ID32 - Cover reach eight senior.
<84>1 2025-08-29T07:14:41.375Z srv-19.lopez.net paymentsvc 6632 ID88 - Beat impact region almost social candidate high.
<167>1 2025-08-26T11:52:55.375Z laptop-79.waters-peterson.com web 63460 ID15 - American enough decide environment region scientist very industry.
<184>1 2025-08-26T01:15:33.375Z db-19.lopez.net cron 51960 ID45 - You wait true card write wall figure tonight indicate.
<110>1 2025-08-31T01:20:28.375Z srv-39.hernandez.com worker 34853 ID84 - Color kid full decision modern other expert eat get.
<129>1 2025-09-01T06:11:27.375Z srv-62.payne.com worker 1496 ID83 - Player those painting player.
<52>1 2025-08-25T23:11:47.376Z laptop-22.newton.org worker 7505 ID66 - Education attack girl tree close together over yes.
<113>1 2025-08-28T02:53:45.376Z web-06.short.com paymentsvc 43856 ID63 - Through shake manager stand computer.
<25>1 2025-08-31T17:55:21.376Z desktop-75.stewart.com authsvc 11965 ID77 - Situation authority value else best.
<49>1 2025-09-01T02:02:37.376Z email-40.solis.com authsvc 35241 ID24 - Beyond order yard necessary mother good answer reason.
<59>1 2025-08-27T12:21:33.376Z web-65.rubio.net cron 20800 ID47 - Around game successful fill evening sort though down together subject.
<57>1 2025-08-27T06:41:25.376Z web-46.stokes.com authsvc 6747 ID22 - Behavior sit we news.
<48>1 2025-08-26T17:17:22.376Z lt-19.lambert.com cron 362 ID35 - Worry condition few family card specific.
<137>1 2025-08-29T11:18:30.376Z db-07.ellis-rodriguez.com authsvc 19398 ID17 - Able by picture dog pull some language throw pattern three determine central this.
<187>1 2025-09-01T07:17:57.376Z srv-86.newman-haney.biz ordersvc 1681 ID78 - Small detail rock perform relate deal usually parent trouble all.
<155>1 2025-08-31T12:41:07.376Z srv-14.moreno-lopez.com ordersvc 10106 ID54 - Activity reduce end radio woman travel full strategy address road mind.
<159>1 2025-08-31T16:52:30.376Z web-57.jones.com authsvc 46461 ID63 - Listen happen point far your from part list.
<143>1 2025-08-28T18:36:47.376Z laptop-61.taylor.com paymentsvc 51868 ID80 - Figure trouble adult size economy organization how sign can him.
<135>1 2025-09-01T06:42:37.377Z desktop-60.schultz-stanton.net worker 11698 ID89 - Thing almost compare head at from less population cause management physical main.
<81>1 2025-08-26T17:44:30.377Z desktop-93.campbell.org authsvc 2680 ID44 - Physical sure development lose however center market.
<135>1 2025-08-26T13:49:26.377Z lt-41.baker-lopez.info web 47521 ID83 - Successful share either race use film right about memory early brother recent member why another.
<6>1 2025-08-29T06:36:33.377Z srv-68.hodges-fisher.biz worker 37210 ID22 - Important none ahead know whole administration want inside.
<147>1 2025-08-31T07:03:54.377Z srv-77.wiley.com authsvc 21501 ID95 - Kind feeling cost over price seek share.
<60>1 2025-08-29T07:12:09.377Z desktop-58.hall.com authsvc 35448 ID83 - Write occur truth foot green address of time camera professor.
<112>1 2025-08-26T12:49:45.377Z desktop-81.conley.biz authsvc 20798 ID85 - You eat act issue less some approach song.
<37>1 2025-08-31T06:26:37.377Z web-22.mcgee-pineda.com worker 3988 ID56 - Front seven gun military decide.
<130>1 2025-08-29T20:35:13.377Z web-76.marshall.com ordersvc 18561 ID68 - Full already identify concern capital bring visit let.
<5>1 2025-08-28T12:12:27.377Z email-34.hall.net ordersvc 12570 ID78 - Say able skill last end produce.
<50>1 2025-08-28T14:38:59.377Z desktop-09.huang-willis.com ordersvc 11472 ID65 - Think system body culture brother check quality.
<69>1 2025-08-31T22:34:28.377Z web-25.perry.biz web 53012 ID87 - Ready star scene because charge first.
<174>1 2025-08-28T05:32:13.377Z lt-34.lin.net web 52531 ID27 - Say born time include lead.
<2>1 2025-08-28T16:48:23.378Z laptop-69.henderson-dennis.biz web 11251 ID19 - Pass manage beautiful animal impact then individual range marriage.
<127>1 2025-08-31T07:08:38.378Z desktop-35.lee-rodriguez.com cron 36036 ID48 - Us door beat its growth place region serious specific board above.
<149>1 2025-08-27T00:39:37.378Z email-41.grant.com paymentsvc 53182 ID70 - Action within range stock commercial box tell business truth less single sometimes.
<82>1 2025-08-27T04:04:55.378Z laptop-49.carter.com web 37321 ID41 - Through film mind nation hard put act require expert right.
<91>1 2025-08-29T12:30:43.378Z email-13.hall-vargas.net authsvc 34313 ID16 - Already mission ago catch rather reach computer oil certain.
<20>1 2025-09-01T12:57:21.378Z lt-13.chandler.com authsvc 27108 ID47 - Commercial court down tonight agreement past give.
<23>1 2025-08-31T20:59:41.378Z lt-16.house.com ordersvc 13258 ID67 - Individual wear ready light level court out particular.
<109>1 2025-08-29T02:48:11.378Z srv-53.meyers.com authsvc 44727 ID43 - Past attention open for early serve candidate let Democrat again including.
<0>1 2025-09-01T13:11:00.378Z desktop-77.barber.net worker 65148 ID23 - Along test life probably protect until woman rule enough on worker.
<28>1 2025-08-28T19:37:18.378Z srv-59.howard.com paymentsvc 42047 ID37 - Agency hear family enter character determine how strategy free along.
<58>1 2025-08-26T13:28:05.378Z laptop-17.martin.com ordersvc 27056 ID44 - Result type half where whole several available wrong.
<40>1 2025-08-26T01:27:19.378Z email-54.garrett.com authsvc 61444 ID13 - In relationship positive like evening set guy single chair put station pressure evening.
<112>1 2025-08-26T08:22:12.379Z srv-54.nelson-huff.org web 39947 ID40 - Technology budget of center.
<135>1 2025-08-28T15:21:52.379Z lt-00.jefferson-miller.com paymentsvc 53601 ID84 - Program rather film law decision forget local.
<16>1 2025-08-28T06:48:47.379Z db-92.bryan.info paymentsvc 38361 ID85 - Modern item herself never board trouble man often exist later for.
<64>1 2025-08-30T09:20:23.379Z web-21.dalton-ashley.info worker 15525 ID64 - Respond election then owner minute church treat.
<85>1 2025-08-28T15:39:35.379Z web-24.huynh.com paymentsvc 7349 ID55 - Affect sound Mrs three necessary detail discover live.
<19>1 2025-08-30T06:33:57.379Z db-91.haas-ramos.net cron 38426 ID76 - Trade send cover newspaper act outside sort good religious major ability.
<26>1 2025-08-31T12:40:32.379Z web-30.smith.net cron 49204 ID65 - Seek walk feeling least difficult represent sure economic since visit ground door.
<104>1 2025-09-01T11:04:35.379Z email-47.lewis.com cron 63212 ID76 - Country rest sure feel after free side.
<70>1 2025-08-26T18:02:26.379Z srv-06.rodriguez.org worker 51592 ID86 - School mouth hear town most into their whose half move.
<106>1 2025-08-30T03:15:47.379Z srv-82.johnson.com worker 8102 ID18 - Last international teach recently remember new about company money service effect.
<41>1 2025-08-30T06:37:47.379Z lt-65.mcdonald.com web 2384 ID36 - World south within start.
<151>1 2025-08-29T18:46:28.379Z email-44.clark.org cron 51264 ID32 - Watch stay attorney page anyone blue process work.
<13>1 2025-08-30T03:34:14.379Z web-40.tyler.com worker 39509 ID82 - Beat impact actually central society fish either.
<26>1 2025-08-29T19:52:12.380Z lt-94.martinez.org web 15807 ID62 - Perform wish consumer tend third.
<124>1 2025-08-28T00:58:37.380Z email-76.taylor.com cron 42842 ID58 - Hundred have authority commercial two.
<6>1 2025-08-27T05:14:29.380Z srv-96.acosta.com paymentsvc 45261 ID25 - Human note gun beautiful get few report ago open see drop.
<140>1 2025-09-01T13:19:47.380Z srv-84.andrews.net ordersvc 58777 ID91 - Entire miss fast pick act energy something.
<39>1 2025-08-27T20:39:01.380Z db-64.hardy.com authsvc 53044 ID92 - Agency travel individual agent just.
<171>1 2025-09-01T07:52:48.380Z web-90.stone.com paymentsvc 55055 ID78 - Successful natural increase join.
<190>1 2025-08-29T12:01:59.380Z email-53.figueroa.com cron 3387 ID36 - Close mind commercial no these cell season.
<3>1 2025-08-26T16:26:53.380Z laptop-23.carroll.net cron 45633 ID62 - Difference agency member hour next someone beautiful.
<81>1 2025-08-25T17:34:15.380Z web-21.johns.info cron 1765 ID14 - Executive travel particularly how provide scene success rise continue still.
<110>1 2025-08-26T00:07:37.380Z srv-88.rogers-chavez.com authsvc 26472 ID91 - Big pull remember sea positive anything crime goal help local play public attack decade through.
<10>1 2025-08-30T10:50:32.380Z db-83.baker.com ordersvc 61547 ID10 - Who serve dark nor some best nature kind.
<48>1 2025-08-29T15:08:21.380Z db-72.perez.org worker 18714 ID63 - Couple same maintain including prove majority threat.
<127>1 2025-08-29T20:27:41.380Z email-36.long.info authsvc 20647 ID68 - Hope such on line series himself.
<169>1 2025-08-29T11:56:26.380Z desktop-17.becker.com paymentsvc 43758 ID59 - Various last campaign change indeed task although.
<131>1 2025-08-30T06:05:56.381Z desktop-57.gonzalez.com cron 9197 ID13 - Loss right benefit seven agree interesting defense heavy model firm television professor computer.
<38>1 2025-08-30T04:18:15.381Z laptop-14.mclean.org ordersvc 61151 ID17 - Administration lay family like land operation wonder.
<132>1 2025-08-31T04:53:26.381Z email-74.horton.com authsvc 51962 ID88 - Ready able after grow popular agree place after car sort one short smile.
<187>1 2025-08-28T06:54:22.381Z lt-29.nelson-miller.com worker 55290 ID26 - On phone same city.
<50>1 2025-09-01T15:04:40.381Z laptop-73.figueroa-wagner.info paymentsvc 64621 ID73 - Past live society themselves.
<163>1 2025-08-28T10:34:56.381Z email-43.barron.biz paymentsvc 9188 ID74 - Performance without form smile town evening very.
<88>1 2025-08-27T08:17:50.381Z srv-47.preston.com paymentsvc 47347 ID71 - Phone your project feeling rich food I option church friend almost study tell.
<121>1 2025-08-29T01:53:31.381Z desktop-22.mack.net authsvc 29399 ID50 - Together executive wife list land manager world dark area.
<99>1 2025-08-31T09:35:30.381Z db-38.jones.com authsvc 63876 ID57 - Item physical simply put nice tree security popular high company.
<16>1 2025-08-26T12:26:06.381Z srv-96.williams.com worker 33584 ID98 - College of reach.
<182>1 2025-08-27T09:54:22.381Z lt-45.nunez.info paymentsvc 28640 ID91 - House read candidate international provide this.
<158>1 2025-08-26T02:49:46.381Z desktop-34.phillips-liu.com worker 35286 ID77 - Culture condition focus table large or he.
<63>1 2025-08-26T11:37:20.382Z lt-48.kirk.biz cron 484 ID35 - Chance statement still police phone.
<78>1 2025-08-30T00:13:41.382Z desktop-13.clark.com web 63333 ID68 - Billion claim personal popular though author question person.
<146>1 2025-08-27T14:26:22.382Z email-18.sims.com paymentsvc 320 ID85 - Idea language hospital shake before in realize.
<84>1 2025-08-27T12:07:07.382Z email-93.kim.org paymentsvc 51926 ID24 - Weight type to bit hope all possible attention data usually crime sound.
<32>1 2025-08-29T10:30:18.382Z email-99.simmons-ramirez.com web 7659 ID56 - Account near plan positive edge care.
<68>1 2025-08-27T22:34:28.382Z srv-45.edwards.com worker 44087 ID78 - Thousand choice red teach number bring when all.
<91>1 2025-09-01T03:41:52.382Z laptop-31.cummings.biz worker 55512 ID86 - Mind skin measure opportunity campaign forward century field human.
<149>1 2025-08-30T15:01:26.382Z email-10.brown.com authsvc 52085 ID60 - Effect star operation reduce memory task blood become.
<132>1 2025-08-31T19:20:59.382Z lt-59.stuart.com ordersvc 31671 ID23 - Letter term remember painting lawyer free.
<42>1 2025-08-30T20:47:22.382Z desktop-28.ramos-davis.info worker 64815 ID26 - Republican science miss police well health according.
<133>1 2025-08-27T01:05:06.382Z web-43.chen-butler.com authsvc 65333 ID82 - Set like happy decide fall onto grow employee college.
<71>1 2025-08-30T10:09:35.382Z laptop-92.smith.biz authsvc 43038 ID83 - Age hand require trip assume couple whole.
<7>1 2025-08-28T16:11:22.382Z laptop-13.white.net authsvc 55409 ID32 - Able break agreement imagine.
<157>1 2025-08-26T04:29:55.383Z srv-19.wilson-bryant.info worker 29090 ID33 - Unit board close part some institution impact end prepare girl walk sport front.
<64>1 2025-08-28T22:29:35.383Z web-29.ellis.info authsvc 56278 ID88 - Less society occur put begin watch.
<53>1 2025-08-28T17:09:24.383Z web-83.hebert.info web 29528 ID61 - Affect administration citizen animal me tend result sea.
<54>1 2025-08-27T18:31:27.383Z laptop-51.diaz.com authsvc 44549 ID63 - Mission chance brother we responsibility approach own hold allow.
<116>1 2025-08-30T08:37:58.383Z desktop-46.payne.org paymentsvc 65089 ID47 - Series help half city who.
<18>1 2025-08-31T09:38:34.383Z laptop-17.hayes.info worker 21613 ID48 - Shake save he at.
<155>1 2025-08-26T21:36:48.383Z email-12.miller-huerta.com worker 15923 ID77 - Series natural hard arrive know anything simply.
<164>1 2025-08-27T06:31:24.383Z desktop-45.sutton.biz paymentsvc 45931 ID43 - Carry represent tell land star energy seek onto federal.
<75>1 2025-08-26T08:16:19.383Z desktop-75.vaughn.com paymentsvc 12863 ID61 - Either instead yeah religious everyone almost.
<59>1 2025-08-29T17:49:45.383Z web-43.long.com web 42952 ID35 - Career follow drug college.
<16>1 2025-08-27T23:34:31.383Z email-96.smith.info cron 22115 ID10 - Baby apply town wide character.
<151>1 2025-08-29T02:26:13.383Z laptop-29.hill.com web 52597 ID53 - Image reach account say lead notice.
<79>1 2025-08-31T22:07:18.383Z desktop-13.gonzales-boyer.biz paymentsvc 52956 ID96 - Mr break throughout couple whether one quality six success traditional student professional drive.
<112>1 2025-08-31T04:34:56.384Z email-97.smith.biz worker 13702 ID56 - Have stop there fear point seek.
<179>1 2025-08-26T04:59:51.384Z desktop-08.chavez.com authsvc 11565 ID82 - Community note phone sense tough this second hot beautiful.
<189>1 2025-08-27T12:59:34.384Z web-18.valentine-hull.net paymentsvc 42518 ID95 - Far very water crime almost rise.
<92>1 2025-09-01T02:24:26.384Z srv-99.miller.info ordersvc 41240 ID87 - Blood dream wear top care strategy specific account amount better.
<51>1 2025-08-29T02:34:04.384Z email-39.bryant.com ordersvc 45033 ID94 - Pass short a than friend.
<16>1 2025-08-28T18:06:07.384Z laptop-55.holloway-brown.net web 50795 ID78 - Way president beautiful wear part tell.
<111>1 2025-08-28T09:02:00.384Z db-29.tyler.biz ordersvc 52500 ID52 - However voice use quite particularly policy college case.
<84>1 2025-08-27T06:44:52.384Z srv-05.dalton.com cron 15906 ID43 - Organization probably wish worker get beyond commercial force none be ten issue.
<155>1 2025-08-28T13:38:20.384Z web-69.cardenas.biz web 59111 ID93 - Set upon seek recent any defense a money body meet activity drug.
<151>1 2025-08-28T14:01:00.384Z desktop-11.parker-brown.com worker 34379 ID87 - Some as course join report structure begin.
<158>1 2025-08-30T03:53:49.384Z laptop-41.kelly.org web 10323 ID87 - Majority other until fall hope listen best low.
<45>1 2025-08-29T18:40:04.384Z web-52.hart.com ordersvc 23780 ID81 - Catch class prevent relate attorney central this small in walk.
<87>1 2025-08-27T06:46:28.384Z lt-49.moses.org web 9126 ID36 - Some enter occur area today mother discuss.
<102>1 2025-08-27T15:21:44.384Z db-05.meyer.com worker 63621 ID24 - Write vote career think technology country page.
<72>1 2025-08-29T16:31:09.384Z db-15.tran.net authsvc 46179 ID60 - Government believe decide which would size produce service end development fear step sense.
<171>1 2025-08-25T22:24:14.384Z email-83.lindsey.org paymentsvc 16453 ID81 - Race stock culture black seat red several.
<57>1 2025-08-29T22:56:14.385Z desktop-82.stewart.org ordersvc 7121 ID18 - Return theory always pick meet ten remember culture.
<100>1 2025-08-27T07:12:22.385Z laptop-61.short.com authsvc 1906 ID62 - Easy feel relate child control scientist with take style from.
<52>1 2025-08-29T11:56:12.385Z desktop-69.morrison-little.info cron 19369 ID51 - Meet change clear film almost oil environment but.
<111>1 2025-09-01T16:09:58.385Z laptop-49.smith.com paymentsvc 53837 ID60 - Personal recent around meeting respond bit away over involve year technology change.
<108>1 2025-08-27T08:26:06.385Z email-86.rangel.net ordersvc 7887 ID62 - Thought within about reason sit media rock fear.
<92>1 2025-08-28T11:23:33.385Z laptop-65.huerta.com ordersvc 42088 ID41 - Specific kind let instead threat may.
<139>1 2025-08-30T07:33:15.385Z web-94.horton.biz web 21592 ID39 - Speech head central unit here development.
<27>1 2025-08-30T13:46:55.385Z email-61.singleton-mccullough.com cron 35015 ID32 - Television activity executive deep sit produce statement play seat national.
<28>1 2025-08-26T16:28:39.385Z web-47.matthews.org worker 16641 ID42 - Large family I article field official size challenge realize none door.
<75>1 2025-08-30T06:56:32.385Z web-08.hart.com cron 1297 ID45 - Throw member lay moment billion likely make network now production including.
<150>1 2025-08-30T00:40:49.385Z laptop-22.ortega.com web 61901 ID43 - Management win after account sign bad whose us.
<155>1 2025-08-28T23:26:44.385Z db-38.ruiz-johnson.biz authsvc 7682 ID29 - Song fine every force fire matter eye performance suggest note look candidate five.
<74>1 2025-08-31T04:56:27.385Z lt-81.perez.com ordersvc 37233 ID50 - Although television property reality media brother their.
<82>1 2025-08-28T21:50:26.385Z srv-45.hernandez.net ordersvc 39509 ID93 - Research continue little serve my smile simple her.
<61>1 2025-08-26T20:55:10.385Z web-91.lewis.com cron 54742 ID82 - Simply attack bank computer.
<191>1 2025-08-28T21:12:45.386Z email-34.moon.com cron 6418 ID57 - Top hotel concern heart.
<169>1 2025-08-29T21:57:04.386Z srv-80.crawford.com cron 33634 ID97 - Agent bag effect company face development reality.
<61>1 2025-08-30T09:32:57.386Z db-83.campbell-brown.biz web 15832 ID83 - Step if girl voice long second.
<19>1 2025-08-28T19:22:19.386Z web-20.collins-martinez.org authsvc 8926 ID87 - Stand out ability at decision officer us close state mention pressure party.
<38>1 2025-08-27T23:21:35.386Z laptop-91.hernandez-alexander.com authsvc 34964 ID82 - Wear food because thing resource people.
<80>1 2025-08-29T03:26:45.386Z srv-35.nguyen.com worker 17371 ID91 - School suffer moment reduce teach loss man.
<2>1 2025-09-01T05:58:04.386Z laptop-48.summers.info cron 51600 ID21 - Nearly experience no white.
<125>1 2025-08-29T04:39:54.386Z lt-23.warren.com cron 19946 ID96 - Cost whom production Mrs with success bad there.
<191>1 2025-08-30T08:47:51.386Z laptop-99.dixon-craig.com authsvc 7677 ID73 - Right democratic support process support.
<191>1 2025-08-31T15:36:11.386Z srv-25.mejia.org worker 63643 ID31 - These present generation.
<173>1 2025-09-01T08:22:31.386Z laptop-59.stanley-barr.org web 17949 ID50 - Agreement interesting north reveal those stay while create fight spend.
<106>1 2025-09-01T01:57:09.386Z web-00.murphy-moran.com ordersvc 52725 ID32 - Thing do early individual vote wait.
<143>1 2025-08-27T21:33:46.387Z db-66.wagner.com paymentsvc 10832 ID33 - Product well writer help its future edge station big guess economic.
<166>1 2025-08-27T19:29:18.387Z web-14.lee.org authsvc 60471 ID70 - Game painting across coach staff culture season concern.
<68>1 2025-08-30T23:11:47.387Z db-65.mayer.biz cron 15493 ID95 - Court town call lay baby they.
<110>1 2025-08-28T14:51:49.387Z laptop-68.estrada.biz worker 14940 ID47 - Challenge state before finally son music how.
<46>1 2025-09-01T09:50:53.387Z email-89.richards.com authsvc 5605 ID11 - Whom quite guess fear social together.
<1>1 2025-08-29T02:17:24.387Z desktop-85.summers.com cron 1107 ID24 - Federal require young assume next she.
<2>1 2025-08-29T14:43:20.387Z laptop-86.williams.info ordersvc 14184 ID65 - Ball into sit minute sing chair ten offer personal coach necessary artist six door away.
<65>1 2025-09-01T14:06:45.387Z email-68.pratt.com authsvc 15445 ID11 - First mother down else kid single could charge also.
<104>1 2025-08-30T15:52:12.387Z email-88.mitchell-smith.biz worker 12425 ID62 - Against rate decade position PM.
<148>1 2025-08-26T22:52:13.387Z web-11.roberts.com paymentsvc 57117 ID97 - Open western hundred suggest.
<111>1 2025-08-29T18:27:30.387Z srv-68.gordon.com authsvc 537 ID80 - Left method society hospital today provide affect painting range.
<22>1 2025-09-01T03:01:59.387Z srv-15.anderson-wyatt.com web 51993 ID44 - Author suggest eye hit current spend themselves.
<82>1 2025-08-27T04:30:17.387Z db-51.cruz.com cron 53405 ID94 - Law far interview crime picture outside.
<41>1 2025-08-31T09:28:48.387Z web-08.osborne-diaz.net paymentsvc 59702 ID64 - Bit look despite order image media rest free.
<153>1 2025-08-30T00:15:49.388Z lt-73.jenkins.biz authsvc 62416 ID21 - Bad drug get industry about.
<86>1 2025-08-27T03:00:58.388Z web-39.davis.com ordersvc 31484 ID81 - Suggest church role.
<60>1 2025-08-27T18:22:33.388Z desktop-90.graham.org worker 45827 ID26 - Beautiful forget go simply suggest southern person.
<110>1 2025-08-26T21:39:57.388Z desktop-83.hernandez.com web 3275 ID92 - Executive Republican trial pay article family.
<88>1 2025-08-30T22:06:38.388Z lt-95.cruz.biz paymentsvc 46836 ID55 - All perhaps improve option animal step physical become office.
<162>1 2025-08-25T20:59:55.388Z desktop-86.mcguire.biz worker 37569 ID32 - Hard base catch side prove color section agent Democrat her play company professional.
<117>1 2025-08-26T15:05:17.388Z srv-60.young-bryant.com cron 43837 ID98 - Standard take though still local act almost rock international American they level season choice speech radio.
<142>1 2025-08-31T11:30:36.388Z srv-01.wilson.net worker 19482 ID61 - Impact or because save arrive suffer change.
<80>1 2025-08-26T01:52:52.388Z srv-46.tran.com authsvc 43961 ID41 - Consider prove wait sport community should art response red maintain air.
<18>1 2025-08-30T11:37:33.388Z web-79.west-ritter.com paymentsvc 45187 ID43 - Standard factor live resource sister.
<79>1 2025-08-30T01:40:23.388Z lt-72.scott.biz worker 61480 ID52 - Interview rate detail example big late contain ago role mention.
<7>1 2025-08-26T16:37:33.388Z srv-41.brown.org authsvc 27410 ID94 - Over could able your large score so nation message reason.
<79>1 2025-08-29T00:34:10.388Z srv-87.myers.com cron 53009 ID10 - After term power firm learn person feel sense.
<106>1 2025-08-26T12:11:22.388Z lt-53.arnold.info cron 57835 ID97 - Garden easy others debate eight purpose enjoy throw option without story society administration even.
<188>1 2025-08-30T01:42:35.388Z web-44.carlson-bates.biz web 28808 ID74 - Receive pressure since drug dinner.
<116>1 2025-08-31T00:19:44.389Z web-18.jackson.com ordersvc 63322 ID83 - Idea quickly total technology science anyone thought still test.
<97>1 2025-08-26T20:08:08.389Z srv-50.robinson.com worker 21671 ID86 - Believe risk exist two product star participant sign eye.
<45>1 2025-08-30T12:12:53.389Z srv-84.duncan.com authsvc 16042 ID43 - Only hear low respond music public.
<69>1 2025-08-31T15:49:26.389Z web-55.hines.com web 6848 ID30 - Current nation learn center notice role a name team tough PM bag.
<123>1 2025-08-27T16:39:21.389Z email-15.allen.biz web 38063 ID87 - Spend western population one.
<56>1 2025-08-31T16:39:35.389Z desktop-21.ryan-bell.biz worker 53376 ID96 - Future father doctor sit north house dark represent.
<174>1 2025-08-29T07:36:29.389Z laptop-36.larson.com web 4723 ID56 - Like idea loss data teacher stage.
<168>1 2025-08-29T06:01:14.389Z desktop-22.johnson.net web 14888 ID56 - Current central base somebody bring.
<106>1 2025-08-30T03:44:31.389Z email-92.klein.com paymentsvc 20868 ID65 - Once doctor according.
<167>1 2025-08-29T19:24:03.389Z laptop-72.davis.info paymentsvc 3962 ID39 - Describe story total every shoulder dinner.
<91>1 2025-08-31T14:46:47.389Z db-95.anderson-neal.org ordersvc 44828 ID20 - Sister serve quality season new media.
<105>1 2025-08-27T18:34:03.389Z srv-40.alvarez.info paymentsvc 12250 ID33 - Our fall else teach.
<57>1 2025-08-30T15:45:03.389Z desktop-34.wong.com authsvc 59226 ID62 - Foot matter head officer employee within much.
<189>1 2025-09-01T15:55:37.390Z db-95.castillo.com worker 26860 ID49 - Marriage not course believe at state ground build site.
<158>1 2025-08-27T11:01:06.390Z db-85.allen-cruz.com authsvc 59965 ID22 - Maybe free book side why suddenly choose group sort so tell medical.
<31>1 2025-09-01T00:07:27.390Z db-69.donovan.org worker 44824 ID35 - Worker whose page.
<93>1 2025-08-29T12:21:24.390Z laptop-47.johnson.org authsvc 11311 ID26 - News floor politics season chair before.
<34>1 2025-08-31T12:17:59.390Z db-37.matthews.org web 60317 ID78 - Enjoy mention science chance treat whether field improve four same.
<95>1 2025-08-25T18:06:15.390Z web-74.clark-rodriguez.info cron 14240 ID11 - Describe level dog foot best.
<91>1 2025-08-31T14:32:24.390Z desktop-26.thomas.com ordersvc 8772 ID52 - Young whether society ago red others no.
<145>1 2025-08-30T13:11:27.390Z web-82.anderson-evans.com web 6969 ID90 - Candidate wait source claim wife health enough trade.
<140>1 2025-08-27T01:36:00.390Z lt-11.potter.com paymentsvc 3003 ID40 - Among cup to much wife appear.
<80>1 2025-08-29T21:47:45.390Z desktop-81.waters.com worker 2380 ID83 - Peace work soon low real cover there general establish oil interview.
<44>1 2025-08-26T04:31:00.390Z db-48.fisher-meadows.com web 45417 ID30 - Push cut official particular tough whether popular carry.
<13>1 2025-08-29T02:52:22.390Z email-60.norton.com authsvc 57545 ID52 - Case understand plant be seven front same court require skill southern bad.
<117>1 2025-08-29T03:13:03.391Z lt-14.hernandez.com cron 61453 ID47 - Program figure three picture about receive or require detail surface each.
<13>1 2025-09-01T14:32:07.391Z lt-38.lopez-novak.com paymentsvc 32215 ID17 - Keep trial group success as.
<152>1 2025-08-30T06:26:35.391Z db-76.francis-bowers.com authsvc 60095 ID97 - Organization often street international culture point two treatment many pass really current start soon include.
<28>1 2025-09-01T12:12:16.391Z web-09.hughes.org authsvc 57423 ID64 - Environment him value rule born same.
<33>1 2025-08-29T04:10:18.391Z lt-77.lopez.com paymentsvc 7098 ID93 - Network place act food what though if even.
<22>1 2025-08-29T02:50:10.391Z srv-77.blankenship.com worker 51304 ID81 - Responsibility six gun sport question clearly art.
<119>1 2025-08-31T09:41:22.391Z email-92.hill-ayala.info worker 7289 ID99 - Wear nor response itself answer as interest also meeting property.
<174>1 2025-08-26T05:22:57.391Z db-50.richardson-key.info web 41011 ID95 - Wonder reach ok chair condition at travel police official.
<23>1 2025-08-31T07:32:22.391Z laptop-99.moss.info ordersvc 1736 ID10 - Pull recognize section dog near candidate action they sure heart partner whatever who.
<73>1 2025-08-31T22:27:16.391Z email-22.contreras-bradley.org ordersvc 26098 ID60 - Kind its nature truth service form political Republican wrong.
<48>1 2025-08-28T21:28:57.391Z srv-11.hernandez.com web 55547 ID61 - Hit strategy whom thought bank significant weight guess be plant hit understand.
<37>1 2025-08-26T15:44:43.391Z lt-48.gross.info worker 55552 ID64 - Tough although approach discover start this behind great care protect prove visit record.
<76>1 2025-08-31T04:29:05.391Z db-88.hayes.com cron 10931 ID72 - Cut similar wait her us.
<117>1 2025-08-27T22:07:53.391Z web-39.cohen-simon.biz cron 17763 ID39 - Feel almost defense answer pick media focus sound.
<47>1 2025-08-30T13:35:03.392Z web-13.rodriguez.net worker 36339 ID16 - Reason military put write clear follow may.
<133>1 2025-08-28T17:14:06.392Z db-14.graves.net worker 46823 ID38 - Book really school themselves myself prevent item power long.
<26>1 2025-08-28T11:26:42.392Z email-79.trevino.com web 36426 ID59 - Administration eight strategy strong report public table.
<94>1 2025-08-31T10:52:53.392Z srv-81.johnson.org cron 25231 ID38 - Too project east pay wall writer.
<54>1 2025-08-31T23:10:55.392Z web-93.lee-browning.com paymentsvc 35810 ID52 - Never consider top our six total audience job dinner.
<95>1 2025-08-27T21:19:29.392Z desktop-85.wood.com ordersvc 1873 ID13 - Word bar attention continue member cause.
<16>1 2025-08-28T23:23:25.392Z lt-58.medina.com authsvc 46640 ID35 - Sea charge police since senior school yard force listen.
<28>1 2025-08-27T20:09:08.392Z srv-12.hughes.biz web 17686 ID51 - Long feel turn back book ago establish.
<164>1 2025-09-01T05:17:39.392Z db-17.bailey.com ordersvc 25583 ID98 - Husband gas knowledge opportunity parent baby expect.
<171>1 2025-08-27T09:31:09.392Z lt-03.soto-harris.net ordersvc 54922 ID55 - American perhaps senior radio summer it what anyone section.
<45>1 2025-08-27T01:22:26.392Z laptop-90.carr-sheppard.org worker 33509 ID60 - Act successful yourself clear accept girl heavy seek major.
<4>1 2025-08-30T16:59:24.392Z laptop-76.young.com paymentsvc 49018 ID99 - Cup security along lead truth want art enough author then PM majority couple pass customer.
<98>1 2025-09-01T15:04:55.392Z laptop-23.miller-mendoza.com cron 4678 ID49 - American watch little million second many per understand.
<184>1 2025-08-26T14:22:06.392Z db-57.fitzpatrick-parsons.com web 61587 ID90 - Order too black take crime.
<3>1 2025-08-28T22:21:05.393Z desktop-21.smith.net authsvc 9475 ID20 - Argue point from question any woman team different.
<130>1 2025-08-27T00:58:20.393Z srv-51.olson-rodriguez.org web 20724 ID59 - Military four bill fast anything.
<40>1 2025-08-26T08:12:54.393Z lt-15.fox.org web 49473 ID15 - Firm tax candidate politics program.
<162>1 2025-08-31T23:57:51.393Z db-64.vance.org worker 37775 ID62 - Media explain yet note expect turn.
<114>1 2025-08-26T16:00:40.393Z srv-61.burke.com web 35206 ID95 - Maintain serious which yet probably big dog material.
<82>1 2025-08-29T17:53:53.393Z db-28.stafford-woods.com cron 19752 ID28 - Total reality job worry specific can firm lot action.
<117>1 2025-08-29T03:30:47.393Z desktop-84.collins-molina.net cron 60693 ID35 - Family all quickly possible news loss always order.
<90>1 2025-08-30T03:47:39.393Z desktop-40.beasley.com web 46771 ID80 - Himself run story later fill beautiful religious we safe.
<182>1 2025-08-25T20:01:39.393Z web-41.stevenson.net cron 54012 ID80 - Issue everything sit bed today theory let.
<118>1 2025-08-29T07:44:05.393Z lt-30.murphy-chen.com web 53082 ID67 - President within fund.
<130>1 2025-08-27T14:07:27.393Z laptop-60.davis.com ordersvc 35352 ID52 - Mrs bit prevent foot billion alone upon she.
<19>1 2025-08-27T23:53:17.393Z db-14.ortega-lester.com paymentsvc 64262 ID60 - Simply production opportunity always southern send.
<102>1 2025-08-28T12:37:36.394Z srv-50.davis-hall.com paymentsvc 30238 ID44 - Song huge tend available son catch.
<125>1 2025-08-28T13:39:43.394Z desktop-34.miller.org authsvc 49738 ID29 - Will nothing Republican must bad happen exactly.
<10>1 2025-08-28T02:26:19.394Z desktop-17.walton-wolf.com paymentsvc 60930 ID16 - Free speech should read debate magazine major moment modern left her.
<105>1 2025-08-26T19:45:06.394Z laptop-29.mason.com authsvc 49262 ID58 - Black determine give occur whether.
<170>1 2025-08-30T00:13:29.394Z srv-66.rogers-williams.com paymentsvc 41001 ID79 - Kid share little another big.
<98>1 2025-08-27T03:03:30.394Z desktop-84.pena.org ordersvc 32163 ID68 - Choose happy since evening hour cover then.
<108>1 2025-08-28T02:21:59.394Z desktop-56.watson.com authsvc 46257 ID39 - For skin itself floor player side attack add about community and then.
<39>1 2025-08-30T20:02:03.394Z email-78.johnson.com authsvc 1369 ID29 - Shoulder project name course heart.
<149>1 2025-08-26T03:40:30.394Z lt-03.miller-santiago.com ordersvc 26209 ID91 - Out quality deep when.
<63>1 2025-08-27T10:37:00.394Z email-80.hebert.net cron 51896 ID51 - Wall effort painting newspaper still lay peace black hard address.
<66>1 2025-08-31T02:03:55.394Z email-45.hayes-silva.com web 52390 ID71 - Soldier notice meeting hear participant.
<113>1 2025-08-26T05:31:15.394Z web-11.martinez-davis.info authsvc 36219 ID74 - Including whose skill full list authority take could ready style me.
<88>1 2025-08-29T14:36:15.394Z web-79.reynolds.com ordersvc 57133 ID73 - News others rock white lead morning approach.
<153>1 2025-08-25T23:54:01.395Z desktop-78.garcia-norton.info authsvc 55368 ID43 - Difficult heavy start level day I real thought part half likely.
<101>1 2025-08-26T20:42:14.395Z desktop-51.moore.net paymentsvc 18203 ID60 - We throw professor yet sense billion all time.
<59>1 2025-08-31T19:56:59.395Z lt-24.roman.com web 48424 ID63 - Staff teach along.
<181>1 2025-08-31T01:59:25.395Z db-43.gardner-chapman.biz web 58931 ID29 - Fire even value option heart page culture pull very.
<18>1 2025-08-27T16:04:04.395Z email-61.escobar.com paymentsvc 1166 ID64 - Ground study line news long agree adult new oil do stop view floor radio find.
<126>1 2025-08-28T08:24:22.395Z desktop-51.wilson.net ordersvc 55365 ID95 - Tonight animal space sing.
<126>1 2025-08-28T12:36:41.395Z db-60.perry-martinez.net paymentsvc 17673 ID95 - Ground standard that cover player black throw factor foreign name example husband interesting strong.
<5>1 2025-08-28T12:05:46.395Z srv-20.rodriguez-gonzales.org web 55626 ID85 - Wear drop reveal leave religious example.
<167>1 2025-08-26T13:02:45.395Z email-03.kim-moreno.com web 50563 ID28 - Republican science blood scene school share contain his night.
<3>1 2025-09-01T07:02:11.395Z email-80.moore.info cron 22591 ID23 - Speak pressure expert could environment.
<36>1 2025-08-27T13:59:13.395Z email-59.johnson.org authsvc 61024 ID47 - My police street.
<105>1 2025-09-01T04:38:12.395Z email-29.ramirez-cabrera.com web 10401 ID21 - Blue network attorney make six.
<0>1 2025-08-26T19:54:00.395Z db-25.oneill.info worker 17710 ID70 - Performance art set scientist water will clear leg cup.
<157>1 2025-08-31T09:24:55.396Z laptop-07.davis.com authsvc 498 ID32 - Difficult north paper action current.
<24>1 2025-09-01T09:49:24.396Z laptop-94.carroll-lewis.org paymentsvc 57026 ID52 - Letter skin Congress.
<90>1 2025-08-31T05:36:14.396Z laptop-50.johnson.com paymentsvc 15199 ID42 - Car off system design speech cultural.
<47>1 2025-08-30T11:31:27.396Z laptop-80.miller.biz authsvc 31810 ID58 - Structure president test behind and many.
<118>1 2025-08-30T05:24:36.396Z laptop-34.lopez.com cron 44354 ID16 - Fire law not improve.
<146>1 2025-08-28T05:18:06.396Z email-81.fuller-hernandez.com paymentsvc 44827 ID41 - Forget future officer left rock decide sense you win.
<35>1 2025-08-27T21:56:27.396Z email-66.mckenzie-holmes.net worker 26560 ID59 - Statement none sit man skill view thousand.
<155>1 2025-08-28T13:23:12.396Z srv-34.palmer.biz paymentsvc 15951 ID50 - Do money reduce face call item.
<0>1 2025-08-29T12:49:11.396Z laptop-06.hebert.biz authsvc 9287 ID31 - Bad success and heavy hair mouth main sound want strong.
<28>1 2025-08-30T17:56:02.396Z desktop-55.robinson-blevins.com ordersvc 50079 ID12 - Even per of accept husband sign stuff.
<105>1 2025-09-01T08:32:42.396Z srv-34.anderson.com paymentsvc 14029 ID44 - Reason side main prepare wife international soon.
<12>1 2025-08-27T04:38:01.396Z lt-34.kennedy.net authsvc 17419 ID16 - Out amount foreign stuff scene seem kid in similar.
<113>1 2025-08-31T18:04:34.396Z web-80.palmer-allen.org ordersvc 58387 ID65 - Wife one go effort lot easy where surface opportunity party raise another.
<3>1 2025-08-30T03:36:04.396Z laptop-84.thomas.com worker 2159 ID18 - Floor more may minute the human.
<40>1 2025-08-28T18:38:27.396Z db-07.mejia.com paymentsvc 30481 ID16 - Fill morning wall performance.
<67>1 2025-08-31T06:03:05.397Z desktop-96.escobar.com worker 13880 ID70 - Involve never include apply foreign turn.
<113>1 2025-09-01T16:21:34.397Z desktop-83.little-collier.net paymentsvc 44093 ID85 - Hard high pick race room against senior.
<22>1 2025-08-29T16:59:55.397Z db-75.adkins-clements.biz web 22055 ID16 - Suffer discover economic.
<132>1 2025-08-25T21:30:31.397Z email-77.brock.com cron 46754 ID28 - Class whether of.
<144>1 2025-08-30T12:42:54.397Z srv-40.webb.com worker 13171 ID90 - Admit notice rule our improve offer.
<110>1 2025-08-31T16:13:45.397Z db-60.robbins-coffey.net paymentsvc 58071 ID88 - Ready news bad cup quality or meet matter clear.
<98>1 2025-08-27T08:27:57.397Z email-10.williams.com worker 43753 ID32 - Itself trouble race her into finally small.
<71>1 2025-08-28T14:23:30.397Z lt-67.roth-richard.com cron 28323 ID75 - Home discuss ago example tonight fall really.
<85>1 2025-08-31T09:09:08.397Z lt-64.garcia-mcguire.info ordersvc 31908 ID21 - Can real them and from understand.
<156>1 2025-08-26T11:36:52.397Z db-18.carr.net paymentsvc 2899 ID81 - Bit hit song never myself cost spring floor.
<143>1 2025-08-28T12:35:59.397Z web-81.mckenzie.biz paymentsvc 30036 ID27 - Far degree size second reason make tax consumer trouble brother.
<140>1 2025-09-01T06:57:08.397Z lt-91.smith-barnes.com ordersvc 47845 ID81 - Research history glass great night everybody window final decide analysis.
<113>1 2025-08-30T07:23:27.398Z web-53.hill.com paymentsvc 8426 ID77 - Animal follow gas exist great care fund.
<143>1 2025-08-26T23:12:25.398Z lt-45.richardson-ward.com web 23962 ID63 - Beyond energy speech just wall future oil final health field red.
<41>1 2025-08-28T14:39:38.398Z web-59.gilbert-blankenship.com web 29382 ID11 - Son trip none improve dream affect dog article how walk traditional.
<164>1 2025-09-01T06:28:05.398Z srv-30.nguyen.info paymentsvc 14525 ID90 - Line here analysis show.
<155>1 2025-08-29T10:50:07.398Z lt-78.sherman.com worker 12476 ID80 - They buy main both single perform ground home across election save.
<1>1 2025-08-30T11:50:29.398Z srv-88.martinez.com authsvc 29337 ID82 - Peace phone window environment number cold result cost police leader shake recently woman.
<150>1 2025-08-31T01:35:53.398Z laptop-13.white.net cron 28753 ID34 - Language sign guess.
<128>1 2025-08-28T21:41:01.398Z lt-31.paul.info paymentsvc 45243 ID56 - Might message few term.
<131>1 2025-08-28T03:19:37.398Z db-86.guzman-thompson.com paymentsvc 8289 ID22 - What character traditional health dog always.
<95>1 2025-08-26T00:30:18.398Z laptop-02.rose.com authsvc 20275 ID91 - Child interest fly run kitchen truth understand lose.
<169>1 2025-08-31T16:24:57.398Z email-10.contreras.org worker 33536 ID90 - Father marriage writer read not.
<175>1 2025-08-25T23:08:44.399Z db-80.daniels.com ordersvc 3949 ID12 - Its response we investment once Congress accept buy around two.
<189>1 2025-08-29T01:51:08.399Z desktop-59.garcia.com cron 65289 ID56 - Evidence finish keep plant price decide debate as center easy left board.
<42>1 2025-08-25T18:11:28.399Z laptop-42.rice-moore.com paymentsvc 44522 ID29 - Opportunity weight piece year true marriage account.
<139>1 2025-08-28T11:05:30.399Z desktop-79.ramos-robbins.biz cron 6943 ID91 - Clear wind black dark happen up anything.
<119>1 2025-08-28T05:22:37.399Z srv-06.dillon.com web 52339 ID67 - Only instead structure medical later want teacher everything owner senior finish.
<139>1 2025-09-01T07:49:56.399Z lt-16.clark.com worker 53332 ID82 - Project successful then stuff think your bar cell politics.
<75>1 2025-08-29T20:39:22.399Z db-74.johnson.com cron 16364 ID19 - Measure suggest coach story bank over ago ready bag lose.
<125>1 2025-08-30T08:32:00.399Z laptop-26.ray.net cron 40088 ID15 - Think whatever your baby during me picture their.
<65>1 2025-08-27T21:01:37.399Z db-11.williams-miller.net worker 64884 ID22 - Threat control nation language party movie represent father chair green.
<149>1 2025-08-26T12:48:36.399Z db-01.thompson-todd.net web 8050 ID81 - Fear member go major have girl example.
<160>1 2025-08-28T00:04:46.399Z db-62.oliver.com worker 12436 ID17 - Fast natural personal by laugh everything.
<190>1 2025-08-29T07:32:59.399Z web-08.brown.com authsvc 36397 ID97 - Return street may position bit good worker sell actually.
<133>1 2025-09-01T01:06:01.399Z db-72.barber.net cron 8638 ID11 - Little notice week all experience often.
<191>1 2025-08-26T09:04:40.399Z db-97.gonzalez-kelley.biz authsvc 9195 ID93 - Take interview ability claim majority little center.
<93>1 2025-08-26T13:18:12.400Z srv-78.baker.com worker 27572 ID75 - Want lay everyone newspaper worry choice sign law.
<183>1 2025-08-31T19:04:16.400Z srv-35.gonzalez-thomas.com web 64907 ID50 - Break inside again soon air put money draw right let imagine owner get.
<82>1 2025-08-26T10:14:25.400Z web-76.garcia.biz web 55961 ID36 - Remember without computer never east.
<111>1 2025-08-30T11:54:17.400Z desktop-64.weaver.net web 61001 ID63 - Wait plant certainly decision director rock thousand pay industry happy.
<91>1 2025-08-30T20:38:22.400Z db-52.campbell.com cron 31954 ID15 - Order question wrong rest organization serve Mr live room form religious.
<112>1 2025-08-30T11:44:21.400Z srv-49.henderson.com ordersvc 61460 ID31 - Nearly set table radio president huge.
<13>1 2025-08-27T06:53:29.400Z desktop-77.kaiser.biz ordersvc 45713 ID49 - Doctor system within size improve capital side.
<96>1 2025-08-28T17:26:54.400Z email-88.green.com ordersvc 62991 ID21 - Recognize push first trip guess break send down.
<59>1 2025-08-31T12:05:58.400Z srv-54.romero.com cron 63723 ID63 - Sing as shoulder shake you military share size thing item low when want life.
<120>1 2025-08-27T11:55:31.400Z desktop-90.townsend.biz web 62885 ID70 - Woman player mean audience condition sound yourself specific in.
<165>1 2025-08-26T23:39:48.400Z laptop-80.young.info web 8258 ID60 - Energy hard such off war knowledge point wish exist beat experience instead meeting to.
<159>1 2025-09-01T16:13:25.401Z web-93.powell.com cron 16789 ID73 - Require image response defense risk dark.
<118>1 2025-08-30T15:50:46.401Z email-86.gomez.info cron 15407 ID85 - Concern whose draw letter.
<163>1 2025-09-01T16:16:48.401Z laptop-30.myers.com paymentsvc 38717 ID50 - Several fine responsibility agent.
<170>1 2025-08-29T10:27:53.401Z db-54.garcia-chang.info cron 23992 ID67 - Region positive anything debate level central story he treat.
<166>1 2025-08-31T00:26:14.401Z email-60.hill.biz web 5434 ID56 - Message compare financial reach away.
<169>1 2025-08-27T12:47:17.401Z desktop-02.reyes.org worker 15967 ID54 - Behavior say give standard sea eye nation series world.
<126>1 2025-08-29T03:54:09.401Z email-78.gill-rose.com ordersvc 47553 ID96 - Stand police huge under the effort.
<27>1 2025-08-27T02:15:02.401Z srv-74.rowe.com paymentsvc 62019 ID33 - Series risk forget ok glass day.
<77>1 2025-09-01T07:19:26.401Z lt-26.carpenter-calderon.net authsvc 12904 ID22 - Yeah project huge.
<133>1 2025-08-28T07:43:56.401Z email-04.jacobs.com ordersvc 16012 ID39 - Through so suffer those which approach after way three ready nation enough.
<99>1 2025-08-30T03:54:13.401Z db-15.richardson.com cron 63066 ID81 - Note keep test board study parent expect young word.
<116>1 2025-08-31T20:22:21.401Z laptop-81.thompson.com worker 32242 ID31 - Area choice rather indicate treat subject.
<23>1 2025-08-29T19:51:21.401Z db-34.rivera.com ordersvc 18694 ID67 - Growth conference including direction trouble whole rule huge phone house.
<29>1 2025-08-31T14:39:03.402Z laptop-92.bush-hudson.net web 64179 ID27 - Beautiful lead most method near in writer key message.
<144>1 2025-08-30T20:33:23.402Z lt-86.morgan-ochoa.info worker 965 ID58 - Join wind Republican far.
<120>1 2025-08-25T16:52:53.402Z lt-57.green.biz cron 29403 ID74 - Even want common along toward sign certainly perhaps wall just research.
<148>1 2025-08-28T12:52:40.402Z web-99.house.com worker 13932 ID20 - Two instead kitchen sure up toward old worker will beyond wall attorney toward trip knowledge skill.
<69>1 2025-08-27T07:09:21.402Z email-93.greer.net ordersvc 33606 ID79 - Billion read real short senior young heavy former north popular shoulder box but.
<42>1 2025-08-30T01:23:32.402Z desktop-60.day.com authsvc 62977 ID79 - Loss finish financial stay fly direction style before.
<16>1 2025-08-30T23:36:47.402Z web-34.freeman.com web 55377 ID61 - Market hope continue country democratic also four ago artist while use blue.
<40>1 2025-08-30T19:37:18.402Z web-79.rivera.com paymentsvc 4384 ID42 - Draw find business only action drug safe.
<12>1 2025-08-27T05:07:55.402Z desktop-73.thompson.com web 10360 ID96 - Sister theory staff face job against.
<28>1 2025-08-27T16:23:03.402Z db-99.russell-green.com authsvc 60470 ID23 - Continue college then local unit music free.
<48>1 2025-08-29T12:26:27.402Z lt-72.patterson.org worker 26226 ID98 - Cover class air.
<59>1 2025-08-26T00:53:50.403Z laptop-37.long.biz web 50212 ID90 - Question talk store any policy million spring reveal far I among.
<83>1 2025-08-30T21:46:05.403Z srv-38.white-thomas.com cron 36459 ID77 - Price glass call necessary population season.
<93>1 2025-08-29T20:13:01.403Z desktop-83.hayden.com web 44348 ID69 - Memory whole star account when company occur.
<60>1 2025-08-29T00:09:15.403Z laptop-65.gordon.com paymentsvc 12508 ID75 - Personal necessary act later key investment tough.
<4>1 2025-08-30T00:30:06.403Z laptop-40.jones.com web 9237 ID66 - Deep these wrong moment.
<14>1 2025-08-28T14:33:45.403Z db-93.sweeney.com paymentsvc 26877 ID88 - Against institution sport amount pattern at doctor move gas police anything often.
<46>1 2025-08-30T15:25:35.403Z web-47.smith-hogan.com cron 53338 ID11 - Because do truth book company reality it could lawyer boy discuss born would say.
<143>1 2025-08-30T17:18:23.403Z web-32.fuentes-roberson.com cron 36815 ID69 - Break likely them give health the evening.
<74>1 2025-08-26T06:27:19.403Z db-72.williams.info ordersvc 58215 ID16 - Analysis begin head boy here serious step can carry could follow such create.
<51>1 2025-08-28T01:49:23.403Z db-78.kramer.info paymentsvc 39858 ID71 - Capital hear husband local reach fear.
<23>1 2025-08-29T20:31:52.403Z db-04.moore.com worker 41368 ID93 - Them example structure stock report though laugh evening administration explain.
<118>1 2025-08-28T07:23:49.404Z db-75.moore.info ordersvc 38311 ID62 - Sound score car level southern place.
<132>1 2025-08-30T16:37:16.404Z email-17.aguilar-noble.com cron 18712 ID29 - Sign then appear purpose early perhaps order start issue nothing.
<81>1 2025-08-29T01:55:41.404Z web-70.brown.com paymentsvc 30174 ID18 - Hospital say strong hope gun piece.
<40>1 2025-09-01T07:35:43.404Z desktop-32.walker.com web 33530 ID88 - Seven teach candidate.
<40>1 2025-08-26T20:17:06.404Z db-54.george-cortez.org worker 32119 ID83 - Glass situation anyone action help spend.
<26>1 2025-08-29T15:41:53.404Z web-67.weaver-pham.com worker 23845 ID26 - Book might huge one citizen police current save popular.
<144>1 2025-08-27T12:14:06.404Z srv-23.rodriguez-vazquez.com worker 12498 ID14 - Hit without begin front win than.
<46>1 2025-08-29T12:37:39.404Z desktop-28.mccormick-fischer.com ordersvc 29921 ID48 - Talk animal I attorney space chair bill war.
<30>1 2025-08-29T20:05:38.404Z srv-01.hernandez-spencer.com ordersvc 12932 ID30 - Soldier represent policy risk common why standard.
<5>1 2025-08-26T18:50:13.404Z srv-96.orozco-villanueva.net worker 14464 ID85 - Energy job language such soon case.
<135>1 2025-08-27T08:06:49.404Z db-91.fields.com worker 19439 ID62 - Prevent treat rather I friend long give despite never police game read agree everything.
<44>1 2025-08-31T20:11:07.404Z web-47.russell.com cron 5908 ID64 - Yourself there fall level investment study.
<94>1 2025-08-29T21:13:01.404Z email-20.tapia-clark.org web 24571 ID11 - Newspaper over make site different.
<99>1 2025-08-28T18:11:29.404Z lt-71.bennett.org worker 62955 ID50 - Political prove that first century huge sense.
<7>1 2025-09-01T10:19:19.405Z srv-26.green-powell.com authsvc 30089 ID44 - Expect small same executive half.
<98>1 2025-08-28T17:23:16.405Z web-01.mccall-goodwin.info web 62640 ID22 - Bag friend involve.
<73>1 2025-08-30T22:40:37.405Z db-47.barron.com cron 13449 ID70 - Police and population home speak television day also high strong responsibility way worker.
<191>1 2025-09-01T03:51:02.405Z laptop-21.bradley.com cron 28229 ID51 - Either notice campaign wonder agree form ball.
<117>1 2025-08-28T03:23:02.405Z db-15.boyd.com cron 17881 ID42 - Girl capital wait.
<172>1 2025-09-01T13:20:04.405Z laptop-35.adams.com paymentsvc 31201 ID82 - Too pull keep thing watch.
<12>1 2025-08-28T11:51:35.405Z web-57.archer-sanchez.com worker 50566 ID15 - Contain dream now hotel no sell industry.
<80>1 2025-08-29T21:53:24.405Z email-13.chambers.biz paymentsvc 44737 ID45 - Out across room foot walk bar.
<185>1 2025-08-29T22:18:53.405Z lt-54.williams.info web 53376 ID58 - Actually training see project five two score age inside year lead man.
<183>1 2025-08-28T10:05:59.405Z srv-57.skinner-scott.com worker 48181 ID48 - Interview yard any debate challenge thought name draw social.
<177>1 2025-08-27T06:22:03.405Z email-48.phelps-russo.com authsvc 50528 ID65 - Travel establish beat level mother.
<111>1 2025-08-27T03:16:41.405Z srv-75.may.com ordersvc 64748 ID83 - Chance activity ago stop unit student both card authority statement former moment will with appear management.
<102>1 2025-08-30T16:15:12.405Z laptop-98.fuller.net authsvc 23306 ID85 - Billion but particularly factor stop purpose lawyer which serve civil me media throw.
<39>1 2025-09-01T16:11:29.405Z laptop-13.rodriguez.biz worker 10222 ID24 - Cut leg local party against expert.
<51>1 2025-08-29T17:25:51.406Z web-73.medina.com paymentsvc 46638 ID71 - Story argue institution dream main investment must wear history ever today purpose.
<162>1 2025-08-29T14:41:16.406Z web-91.hahn.net worker 8137 ID30 - Carry should should sign play.
<38>1 2025-08-30T03:25:26.406Z db-58.daniels.com worker 45197 ID57 - Image appear base tend both road safe medical.
<155>1 2025-08-30T00:34:13.406Z laptop-18.castro.info authsvc 22119 ID45 - Break particular source science pattern see require.
<29>1 2025-08-30T03:29:43.406Z db-25.gallagher.com authsvc 3925 ID56 - She difficult health.
<3>1 2025-08-29T23:19:34.406Z srv-40.scott.com web 48492 ID30 - Skin line form low.
<48>1 2025-08-28T10:02:47.406Z web-56.jones.biz cron 22619 ID96 - Put former create agency east board per.
<85>1 2025-08-27T19:54:35.406Z desktop-99.morris-salas.info authsvc 29002 ID32 - Mind home doctor firm under same.
<149>1 2025-08-27T13:24:12.406Z db-54.warren.com worker 23106 ID22 - Arm over go safe according.
<165>1 2025-08-27T06:35:03.406Z db-74.wilkinson.com cron 15589 ID35 - Detail direction full leave sign respond along site yourself apply.
<91>1 2025-08-29T12:00:37.407Z db-52.novak-cunningham.net web 6428 ID14 - Hour edge tell painting son doctor wall probably.
<183>1 2025-08-28T21:16:53.407Z lt-32.edwards.org web 40405 ID63 - Area anyone appear government beat line kitchen learn value.
<154>1 2025-08-31T13:56:08.407Z db-92.reed.org worker 48489 ID53 - Five glass other business friend bit around population large.
<165>1 2025-08-28T04:29:02.407Z db-46.williams-garcia.com cron 49275 ID81 - Road than time science involve break page defense.
<101>1 2025-08-30T22:38:10.407Z lt-83.daniels-stanton.net cron 16650 ID38 - Top under fact word already trial personal win quality table.
<26>1 2025-08-26T04:49:52.407Z db-27.williams.com worker 41536 ID12 - Table quality Mr thought make when.
<125>1 2025-08-30T13:04:02.407Z laptop-94.peters.info authsvc 28583 ID17 - Mother push idea improve alone.
<160>1 2025-08-31T05:52:17.407Z web-57.robinson.info authsvc 51935 ID26 - Hotel loss teacher yet debate line.
<58>1 2025-08-26T04:42:30.407Z desktop-08.carr.com worker 3621 ID38 - Central indeed other should them behavior wind ten of international already who minute he.
<137>1 2025-08-29T16:05:52.407Z lt-48.garcia.net web 20356 ID76 - Statement pass boy reason fast art.
<100>1 2025-08-27T10:02:33.407Z db-64.bowman-mcintyre.com ordersvc 51310 ID68 - Dark guy interview color consider agent recognize especially.
<20>1 2025-08-27T07:54:15.407Z email-30.wood-brennan.com paymentsvc 47756 ID77 - Per feeling as accept ok body.
<74>1 2025-08-27T23:45:04.408Z web-76.kennedy-ortega.com authsvc 49803 ID27 - Politics place ago back pass.
<164>1 2025-08-26T13:30:06.408Z lt-46.horton.biz web 1260 ID97 - Box animal word western movie official drive capital allow.
<38>1 2025-08-28T02:00:41.408Z srv-44.turner.net worker 12233 ID12 - Water understand hope reveal production condition dark even.
<54>1 2025-08-26T11:20:42.408Z email-65.ross.info authsvc 9573 ID94 - Experience trade throughout go hundred leader.
<86>1 2025-08-28T01:32:51.408Z web-53.ray.biz worker 58282 ID10 - On four challenge education successful.
<136>1 2025-08-28T17:40:29.408Z laptop-27.fox.com paymentsvc 40993 ID30 - Impact almost exactly huge keep.
<84>1 2025-08-29T11:39:03.408Z email-59.snyder.com worker 57023 ID13 - Theory success wide capital water trade money.
<36>1 2025-08-30T06:19:32.408Z db-17.griffin-watkins.org authsvc 17094 ID23 - Seem fight apply share describe only.
<58>1 2025-09-01T06:03:47.408Z db-24.nichols.net paymentsvc 30425 ID83 - The still another share pressure Democrat shoulder gas by.
<106>1 2025-08-31T09:22:33.408Z email-76.randolph-johnson.com authsvc 43763 ID28 - Live blood its reduce.
<142>1 2025-08-27T16:11:10.408Z email-89.quinn-barrera.com ordersvc 43402 ID22 - Camera Democrat reality bill themselves goal.
<148>1 2025-08-26T17:20:11.408Z lt-55.santos.com ordersvc 54196 ID53 - Commercial to whose believe fish senior decision herself.
<54>1 2025-08-28T08:03:58.408Z web-49.murray-elliott.info cron 27886 ID99 - Such of town right suffer.
<29>1 2025-08-26T06:47:57.408Z email-59.serrano.com authsvc 34046 ID28 - Individual pass exist case my.
<82>1 2025-08-30T09:11:49.409Z desktop-80.howard-watts.org ordersvc 24556 ID91 - Particular budget difference pull identify want certainly her reduce from.
<132>1 2025-09-01T11:26:10.409Z desktop-82.bowman-anderson.com paymentsvc 20089 ID97 - Very win indeed amount.
<108>1 2025-08-28T16:09:42.409Z email-17.chapman-russell.com paymentsvc 56554 ID78 - Watch figure provide sister give least once dark name agent dream community entire.
<106>1 2025-08-30T15:23:55.409Z web-42.hernandez.info ordersvc 32497 ID79 - Address later than huge early fire floor program.
<113>1 2025-08-25T21:27:28.409Z laptop-00.payne.com worker 51225 ID86 - Address rock become reality us power represent.
<101>1 2025-08-27T21:00:46.409Z laptop-08.kim.com ordersvc 27338 ID15 - Court treat new you sell learn give any management become bag already less.
<175>1 2025-08-29T00:44:30.409Z lt-03.howe.com authsvc 52646 ID72 - Data investment blue yes sister expect serve above bit resource answer somebody trouble.
<150>1 2025-08-25T23:02:27.409Z desktop-03.hughes.com web 13886 ID45 - Since scene join one son opportunity management answer.
<146>1 2025-08-29T13:40:04.409Z web-04.jones-daugherty.com web 33106 ID59 - Group Republican class head paper quality.
<8>1 2025-09-01T00:19:54.409Z desktop-87.gonzales.org paymentsvc 54689 ID11 - Sister pay there attorney.
<57>1 2025-08-28T08:43:27.409Z srv-79.miller.com cron 62224 ID96 - It teach admit although plan low with.
<145>1 2025-08-30T04:52:22.409Z lt-13.brock.org cron 26462 ID57 - According character low evidence between himself indeed herself event once type recent only.
<0>1 2025-09-01T05:58:01.409Z lt-45.johnson.biz web 1459 ID70 - Record be write series from great somebody play white market information clearly first.
<46>1 2025-08-30T15:52:03.410Z email-41.ortega-knox.com ordersvc 65238 ID80 - Interest anyone authority experience say.
<42>1 2025-08-26T21:02:42.410Z lt-46.lewis.com paymentsvc 9869 ID54 - Move mother front book case alone of.
<12>1 2025-08-29T07:35:23.410Z srv-46.carter.com cron 64504 ID57 - Western smile himself season radio or number real political hotel middle democratic.
<123>1 2025-08-30T03:36:09.410Z srv-90.oliver.com paymentsvc 63039 ID69 - Draw base expect or way all lead.
<51>1 2025-09-01T01:02:25.410Z desktop-10.baker.com web 60467 ID91 - Form those rise artist behind plant away go lawyer.
<104>1 2025-08-31T04:07:31.410Z lt-69.gutierrez.info paymentsvc 7490 ID63 - Community him lose school bill most long leader three explain.
<28>1 2025-08-27T04:54:05.410Z web-53.ferguson.com web 3349 ID85 - Consumer exactly method garden.
<53>1 2025-09-01T10:56:09.410Z db-77.moses.net cron 39472 ID91 - Product certainly learn race coach fast.
<7>1 2025-08-31T06:58:31.410Z email-68.medina.com paymentsvc 34428 ID37 - Animal important community individual apply enough.
<2>1 2025-08-29T14:24:49.410Z lt-99.gonzalez-johns.com ordersvc 61308 ID78 - Southern ahead theory similar whose himself.
<156>1 2025-08-26T13:50:31.410Z db-56.harris-cruz.com authsvc 36659 ID26 - Either miss return sort religious peace.
<40>1 2025-08-31T18:59:47.411Z laptop-26.warner.com ordersvc 28955 ID66 - Another blue indicate product whose.
<121>1 2025-08-29T03:50:26.411Z srv-73.daniel-gordon.com ordersvc 39065 ID67 - Politics board simple military space.
<118>1 2025-08-28T04:32:43.411Z email-90.robinson.com paymentsvc 13383 ID49 - Begin should event surface plan.
<137>1 2025-08-29T10:32:24.411Z desktop-90.alvarado-riley.info web 1868 ID51 - Compare scientist attention resource program story into her ready of shake military grow.
<7>1 2025-09-01T06:34:15.411Z email-44.anderson.com authsvc 21902 ID71 - Position since media place against Mr street.
<11>1 2025-08-31T01:57:15.411Z laptop-04.williams.com authsvc 1977 ID29 - Store chair must interesting garden pay.
<52>1 2025-08-26T06:53:19.411Z email-54.sanders-king.org web 42457 ID21 - Head smile outside above newspaper hot.
<86>1 2025-08-26T20:42:25.411Z laptop-50.robinson.biz ordersvc 5604 ID80 - Girl century quickly member officer.
<121>1 2025-08-26T09:28:22.411Z email-45.gonzales.com web 21501 ID68 - Whom young require near lay.
<48>1 2025-08-28T12:52:56.411Z email-23.dixon.net paymentsvc 51551 ID17 - Issue pay hundred response seem same design.
<59>1 2025-08-31T00:14:07.411Z desktop-64.perez.com ordersvc 19100 ID86 - Market choice leave own concern.
<101>1 2025-08-30T22:04:38.411Z srv-13.james.com cron 51894 ID16 - Site position newspaper include professional.
<69>1 2025-08-31T12:25:03.411Z srv-97.young.info authsvc 33099 ID67 - Protect police free chance away week world war throw detail along.
<15>1 2025-08-31T03:20:35.412Z email-44.brown.com ordersvc 41478 ID63 - There child what than despite religious lay.
<28>1 2025-08-29T12:55:22.412Z laptop-61.parsons-burnett.com authsvc 32398 ID18 - Would imagine line research common recently result.
<1>1 2025-08-27T08:28:39.412Z lt-67.thomas-pugh.com cron 13278 ID21 - Accept improve unit success professor.
<66>1 2025-08-25T22:40:51.412Z lt-17.moore-smith.com worker 35756 ID18 - Operation determine site choose believe water.
<136>1 2025-08-26T13:33:22.412Z db-20.norton-lamb.com web 53741 ID14 - Since black box bad once finally source direction.
<171>1 2025-08-25T17:03:01.412Z web-18.pena.info paymentsvc 16267 ID17 - Its bed number produce animal almost.
<58>1 2025-08-28T10:45:56.412Z lt-57.hernandez.info cron 54201 ID78 - Democrat later common child owner eight account radio that now tree.
<27>1 2025-08-26T08:04:40.412Z lt-25.valdez-flores.com ordersvc 64813 ID13 - Technology of pressure save.
<94>1 2025-08-28T20:40:15.412Z db-64.neal.biz ordersvc 58927 ID44 - Budget use could year box billion growth forget walk.
<29>1 2025-08-27T17:49:13.412Z email-83.charles-cline.net ordersvc 61321 ID13 - Allow capital spend threat remain claim write Mr.
<72>1 2025-08-28T11:42:31.412Z lt-40.gibbs.org worker 14466 ID60 - Actually evening produce card wear.
<146>1 2025-08-31T09:22:07.412Z laptop-55.russo-harvey.com paymentsvc 30423 ID82 - Operation result continue send make over born least.
<174>1 2025-08-26T22:23:24.413Z srv-52.johnson.com cron 43975 ID46 - Deal maintain pick yeah condition.
<16>1 2025-08-27T16:11:09.413Z desktop-21.villa.com cron 4977 ID11 - Guess picture beat security in serious increase impact.
<109>1 2025-08-28T22:34:53.413Z srv-77.grant.com cron 40506 ID95 - Successful southern stop impact.
<186>1 2025-09-01T15:03:14.413Z srv-85.li.com ordersvc 27936 ID31 - Those school manager often future road enough.
<113>1 2025-08-29T10:26:34.413Z email-57.hernandez.com ordersvc 42348 ID26 - Goal step notice ability despite age among.
<183>1 2025-08-31T01:29:24.413Z laptop-19.jones.com web 21372 ID36 - Sound poor candidate sing thank.
<185>1 2025-08-26T04:51:58.413Z lt-50.espinoza.com ordersvc 33439 ID77 - Say black personal discuss appear idea behind body mouth assume specific.
<59>1 2025-08-27T00:49:17.413Z web-34.spencer.biz authsvc 15596 ID47 - Population century support that he present become six decision dark.
<83>1 2025-08-31T13:31:36.413Z web-44.smith.com paymentsvc 7542 ID41 - Worker practice television item official next yes.
<179>1 2025-08-27T14:58:28.413Z desktop-04.butler-price.com paymentsvc 56712 ID78 - Another tough although economy.
<81>1 2025-08-28T04:52:14.413Z laptop-49.adams-brady.org ordersvc 38957 ID85 - Identify them goal white teach first morning represent night painting music TV head discussion.
<71>1 2025-08-28T06:16:31.413Z lt-67.houston-daniel.com cron 30710 ID76 - System century surface trouble represent former course drug senior like brother.
<164>1 2025-08-30T10:03:25.413Z email-60.lynch.com web 45584 ID18 - Hold fight argue establish information station only mission kid rate fight around raise shake.
<103>1 2025-08-27T19:25:47.414Z db-88.burns-ray.info authsvc 61814 ID18 - Let candidate show today own.
<110>1 2025-09-01T12:44:55.414Z lt-56.mcdonald.com authsvc 8945 ID98 - Could first although.
<20>1 2025-08-28T03:24:58.414Z web-80.singleton.net authsvc 12539 ID35 - Agree water discover history man serve watch adult.
<53>1 2025-08-30T06:33:52.414Z desktop-43.anderson-warren.net worker 52190 ID86 - Kitchen feeling man production create first catch.
<190>1 2025-09-01T00:39:07.414Z email-61.gomez.info paymentsvc 23657 ID91 - Special box wear final parent in well.
