key: "key", value: "value"key: "key", value: "value"key: "key", value: "value" 
key: "key", value: "value" 
key: "key", value: "value" 
key: "key", value: "value" 
SystemTime { tv_sec: 1758536727, tv_nsec: 315554000 } key: "key", value: "value" 
SystemTime { tv_sec: 1758536799, tv_nsec: 842247000 } key: "key", value: "value" 
Ok(1758537001.521806s) key: "key", value: "value" 
1758537073.783562s key: "key", value: "value" 
1758537079.330454s key: "key", value: "value" 
1758537081.150719s key: "key", value: "value" 
1758537084.169333s key: "key", value: "value" 
1758537085.23194s key: "key", value: "value" 
1758537587.313996s key: "key", value: "value" 
1758537587.314167s key: "key1", value: "value1" 
1758539595.303595s key: "key1", value: "value1" 
1758539595.303599s key: "key2", value: "value2" 
1758539595.303687s key: "key1", value: "value1" 
1758539595.303709s key: "key2", value: "value2" 
1758539595.303716s key: "key1", value: "value1" 
1758539595.303723s key: "key2", value: "value2" 
1758539595.303728s key: "key1", value: "value1" 
1758539595.303733s key: "key2", value: "value2" 
1758539595.303738s key: "key1", value: "value1" 
1758539595.303744s key: "key2", value: "value2" 
1758539595.303748s key: "key1", value: "value1" 
1758539595.303754s key: "key2", value: "value2" 
1758539595.303759s key: "key1", value: "value1" 
1758539595.303764s key: "key2", value: "value2" 
1758539595.303769s key: "key1", value: "value1" 
1758539595.303775s key: "key2", value: "value2" 
1758539595.30378s key: "key1", value: "value1" 
1758539595.303784s key: "key2", value: "value2" 
1758539595.303789s key: "key1", value: "value1" 
1758539595.303794s key: "key2", value: "value2" 
